#
# There is insufficient memory for the Java Runtime Environment to continue.
# Native memory allocation (mmap) failed to map 396361728 bytes for G1 virtual space
# Possible reasons:
#   The system is out of physical RAM or swap space
#   The process is running with CompressedOops enabled, and the Java Heap may be blocking the growth of the native heap
# Possible solutions:
#   Reduce memory load on the system
#   Increase physical memory or swap space
#   Check if swap backing store is full
#   Decrease Java heap size (-Xmx/-Xms)
#   Decrease number of Java threads
#   Decrease Java thread stack sizes (-Xss)
#   Set larger code cache with -XX:ReservedCodeCacheSize=
#   JVM is running with Zero Based Compressed Oops mode in which the Java heap is
#     placed in the first 32GB address space. The Java Heap base address is the
#     maximum limit for the native heap growth. Please use -XX:HeapBaseMinAddress
#     to set the Java Heap base and to place the Java Heap above 32GB virtual address.
# This output file may be truncated or incomplete.
#
#  Out of Memory Error (os_windows.cpp:3548), pid=46060, tid=43924
#
# JRE version: Java(TM) SE Runtime Environment (17.0.12+8) (build 17.0.12+8-LTS-286)
# Java VM: Java HotSpot(TM) 64-Bit Server VM (17.0.12+8-LTS-286, mixed mode, sharing, tiered, compressed oops, compressed class ptrs, g1 gc, windows-amd64)
# No core dump will be written. Minidumps are not enabled by default on client versions of Windows
#

---------------  S U M M A R Y ------------

Command Line: org.jetbrains.kotlin.cli.jvm.K2JVMCompiler @F:\T177\comp3074\capstone-frontend\app\build\20260403_14229516115681241155.compiler.options

Host: AMD Ryzen 5 7645HX with Radeon Graphics        , 12 cores, 15G,  Windows 11 , 64 bit Build 26100 (10.0.26100.7920)
Time: Fri Apr  3 13:37:50 2026 Eastern Daylight Time elapsed time: 18.348588 seconds (0d 0h 0m 18s)

---------------  T H R E A D  ---------------

Current thread (0x0000025a5c88fab0):  VMThread "VM Thread" [stack: 0x000000e951500000,0x000000e951600000] [id=43924]

Stack: [0x000000e951500000,0x000000e951600000]
Native frames: (J=compiled Java code, j=interpreted, Vv=VM code, C=native code)
V  [jvm.dll+0x67a04a]
V  [jvm.dll+0x7da4ed]
V  [jvm.dll+0x7dbe33]
V  [jvm.dll+0x7dc4a3]
V  [jvm.dll+0x24508f]
V  [jvm.dll+0x677089]
V  [jvm.dll+0x66bd32]
V  [jvm.dll+0x301fa6]
V  [jvm.dll+0x309546]
V  [jvm.dll+0x359d2e]
V  [jvm.dll+0x359f5f]
V  [jvm.dll+0x2d9078]
V  [jvm.dll+0x2d74ad]
V  [jvm.dll+0x2d6afc]
V  [jvm.dll+0x31a65b]
V  [jvm.dll+0x7e0d9b]
V  [jvm.dll+0x7e1ad4]
V  [jvm.dll+0x7e1fed]
V  [jvm.dll+0x7e23c4]
V  [jvm.dll+0x7e2490]
V  [jvm.dll+0x78abea]
V  [jvm.dll+0x678f35]
C  [ucrtbase.dll+0x37b0]
C  [KERNEL32.DLL+0x2e8d7]
C  [ntdll.dll+0x8c48c]

VM_Operation (0x000000e950ff9640): G1CollectForAllocation, mode: safepoint, requested by thread 0x0000025a37fb5180


---------------  P R O C E S S  ---------------

Threads class SMR info:
_java_thread_list=0x0000025aa27ba6b0, length=14, elements={
0x0000025a37fb5180, 0x0000025a5c896c10, 0x0000025a5c897d70, 0x0000025a5c9c1050,
0x0000025a5c9c1a10, 0x0000025a5c9c23d0, 0x0000025a5c9c2d90, 0x0000025a5c9c3b30,
0x0000025a5c9c8a00, 0x0000025a5c9cdb40, 0x0000025a5cb0ebd0, 0x0000025a5cb1e6d0,
0x0000025a5cb782a0, 0x0000025aa20ffb00
}

Java Threads: ( => current thread )
  0x0000025a37fb5180 JavaThread "main" [_thread_blocked, id=44264, stack(0x000000e950f00000,0x000000e951000000)]
  0x0000025a5c896c10 JavaThread "Reference Handler" daemon [_thread_blocked, id=33756, stack(0x000000e951600000,0x000000e951700000)]
  0x0000025a5c897d70 JavaThread "Finalizer" daemon [_thread_blocked, id=44044, stack(0x000000e951700000,0x000000e951800000)]
  0x0000025a5c9c1050 JavaThread "Signal Dispatcher" daemon [_thread_blocked, id=43840, stack(0x000000e951800000,0x000000e951900000)]
  0x0000025a5c9c1a10 JavaThread "Attach Listener" daemon [_thread_blocked, id=38908, stack(0x000000e951900000,0x000000e951a00000)]
  0x0000025a5c9c23d0 JavaThread "Service Thread" daemon [_thread_blocked, id=45236, stack(0x000000e951a00000,0x000000e951b00000)]
  0x0000025a5c9c2d90 JavaThread "Monitor Deflation Thread" daemon [_thread_blocked, id=41472, stack(0x000000e951b00000,0x000000e951c00000)]
  0x0000025a5c9c3b30 JavaThread "C2 CompilerThread0" daemon [_thread_blocked, id=45380, stack(0x000000e951c00000,0x000000e951d00000)]
  0x0000025a5c9c8a00 JavaThread "C1 CompilerThread0" daemon [_thread_blocked, id=45460, stack(0x000000e951d00000,0x000000e951e00000)]
  0x0000025a5c9cdb40 JavaThread "Sweeper thread" daemon [_thread_blocked, id=45456, stack(0x000000e951e00000,0x000000e951f00000)]
  0x0000025a5cb0ebd0 JavaThread "Notification Thread" daemon [_thread_blocked, id=42084, stack(0x000000e951f00000,0x000000e952000000)]
  0x0000025a5cb1e6d0 JavaThread "Common-Cleaner" daemon [_thread_blocked, id=45556, stack(0x000000e952100000,0x000000e952200000)]
  0x0000025a5cb782a0 JavaThread "C2 CompilerThread1" daemon [_thread_in_native, id=44068, stack(0x000000e952200000,0x000000e952300000)]
  0x0000025aa20ffb00 JavaThread "C2 CompilerThread2" daemon [_thread_blocked, id=45436, stack(0x000000e952b00000,0x000000e952c00000)]

Other Threads:
=>0x0000025a5c88fab0 VMThread "VM Thread" [stack: 0x000000e951500000,0x000000e951600000] [id=43924]
  0x0000025a380393a0 WatcherThread [stack: 0x000000e952000000,0x000000e952100000] [id=45540]
  0x0000025a3801b5f0 GCTaskThread "GC Thread#0" [stack: 0x000000e951000000,0x000000e951100000] [id=34812]
  0x0000025aa226c1e0 GCTaskThread "GC Thread#1" [stack: 0x000000e952300000,0x000000e952400000] [id=38072]
  0x0000025aa22b05c0 GCTaskThread "GC Thread#2" [stack: 0x000000e952400000,0x000000e952500000] [id=42100]
  0x0000025aa2248420 GCTaskThread "GC Thread#3" [stack: 0x000000e952500000,0x000000e952600000] [id=36832]
  0x0000025aa22486e0 GCTaskThread "GC Thread#4" [stack: 0x000000e952600000,0x000000e952700000] [id=41420]
  0x0000025aa25cec50 GCTaskThread "GC Thread#5" [stack: 0x000000e952700000,0x000000e952800000] [id=45396]
  0x0000025aa26f6f20 GCTaskThread "GC Thread#6" [stack: 0x000000e952800000,0x000000e952900000] [id=45428]
  0x0000025aa29fdbf0 GCTaskThread "GC Thread#7" [stack: 0x000000e952900000,0x000000e952a00000] [id=45432]
  0x0000025aa29fe6f0 GCTaskThread "GC Thread#8" [stack: 0x000000e952a00000,0x000000e952b00000] [id=45408]
  0x0000025aa29fd0f0 GCTaskThread "GC Thread#9" [stack: 0x000000e952c00000,0x000000e952d00000] [id=44392]
  0x0000025a3802c520 ConcurrentGCThread "G1 Main Marker" [stack: 0x000000e951100000,0x000000e951200000] [id=45156]
  0x0000025a3802f5e0 ConcurrentGCThread "G1 Conc#0" [stack: 0x000000e951200000,0x000000e951300000] [id=43172]
  0x0000025aa29fd3b0 ConcurrentGCThread "G1 Conc#1" [stack: 0x000000e952d00000,0x000000e952e00000] [id=43552]
  0x0000025aa29fdeb0 ConcurrentGCThread "G1 Conc#2" [stack: 0x000000e952e00000,0x000000e952f00000] [id=44400]
  0x0000025a3807e5e0 ConcurrentGCThread "G1 Refine#0" [stack: 0x000000e951300000,0x000000e951400000] [id=42560]
  0x0000025aa6caa9d0 ConcurrentGCThread "G1 Refine#1" [stack: 0x000000e952f00000,0x000000e953000000] [id=14916]
  0x0000025aa6ca9830 ConcurrentGCThread "G1 Refine#2" [stack: 0x000000e953000000,0x000000e953100000] [id=14528]
  0x0000025aa6ca9e10 ConcurrentGCThread "G1 Refine#3" [stack: 0x000000e953100000,0x000000e953200000] [id=10180]
  0x0000025aa932f870 ConcurrentGCThread "G1 Refine#4" [stack: 0x000000e953200000,0x000000e953300000] [id=9328]
  0x0000025aa932c680 ConcurrentGCThread "G1 Refine#5" [stack: 0x000000e953300000,0x000000e953400000] [id=20756]
  0x0000025a5c7254f0 ConcurrentGCThread "G1 Service" [stack: 0x000000e951400000,0x000000e951500000] [id=42556]

Threads with active compile tasks:
C2 CompilerThread0    18360 26792       4       org.jetbrains.kotlin.backend.jvm.codegen.PromisedValue::materializeAt (414 bytes)
C2 CompilerThread1    18360 26789       4       org.jetbrains.kotlin.backend.jvm.mapping.MethodSignatureMapper::mangleMemberNameIfRequired (246 bytes)
C2 CompilerThread2    18360 26855 %     4       org.jetbrains.kotlin.codegen.optimization.RedundantGotoMethodTransformer::transform @ 77 (489 bytes)

VM state: at safepoint (normal execution)

VM Mutex/Monitor currently owned by a thread:  ([mutex/lock_event])
[0x0000025a37fb1720] Threads_lock - owner thread: 0x0000025a5c88fab0
[0x0000025a37fb2890] Heap_lock - owner thread: 0x0000025a37fb5180

Heap address: 0x000000070ce00000, size: 3890 MB, Compressed Oops mode: Zero based, Oop shift amount: 3

CDS archive(s) mapped at: [0x0000025a5d000000-0x0000025a5dbd0000-0x0000025a5dbd0000), size 12386304, SharedBaseAddress: 0x0000025a5d000000, ArchiveRelocationMode: 1.
Compressed class space mapped at: 0x0000025a5e000000-0x0000025a9e000000, reserved size: 1073741824
Narrow klass base: 0x0000025a5d000000, Narrow klass shift: 0, Narrow klass range: 0x100000000

GC Precious Log:
 CPUs: 12 total, 12 available
 Memory: 15553M
 Large Page Support: Disabled
 NUMA Support: Disabled
 Compressed Oops: Enabled (Zero based)
 Heap Region Size: 2M
 Heap Min Capacity: 8M
 Heap Initial Capacity: 244M
 Heap Max Capacity: 3890M
 Pre-touch: Disabled
 Parallel Workers: 10
 Concurrent Workers: 3
 Concurrent Refinement Workers: 10
 Periodic GC: Disabled

Heap:
 garbage-first heap   total 540672K, used 264100K [0x000000070ce00000, 0x0000000800000000)
  region size 2048K, 7 young (14336K), 7 survivors (14336K)
 Metaspace       used 90221K, committed 90560K, reserved 1179648K
  class space    used 8850K, committed 9024K, reserved 1048576K

Heap Regions: E=young(eden), S=young(survivor), O=old, HS=humongous(starts), HC=humongous(continues), CS=collection set, F=free, OA=open archive, CA=closed archive, TAMS=top-at-mark-start (previous, next)
|   0|0x000000070ce00000, 0x000000070d000000, 0x000000070d000000|100%|HS|  |TAMS 0x000000070d000000, 0x000000070ce00000| Complete 
|   1|0x000000070d000000, 0x000000070d200000, 0x000000070d200000|100%|HC|  |TAMS 0x000000070d200000, 0x000000070d000000| Complete 
|   2|0x000000070d200000, 0x000000070d400000, 0x000000070d400000|100%| O|  |TAMS 0x000000070d400000, 0x000000070d200000| Untracked 
|   3|0x000000070d400000, 0x000000070d600000, 0x000000070d600000|100%| O|  |TAMS 0x000000070d600000, 0x000000070d400000| Untracked 
|   4|0x000000070d600000, 0x000000070d800000, 0x000000070d800000|100%| O|  |TAMS 0x000000070d800000, 0x000000070d600000| Untracked 
|   5|0x000000070d800000, 0x000000070da00000, 0x000000070da00000|100%| O|  |TAMS 0x000000070da00000, 0x000000070d800000| Untracked 
|   6|0x000000070da00000, 0x000000070dc00000, 0x000000070dc00000|100%| O|  |TAMS 0x000000070dc00000, 0x000000070da00000| Untracked 
|   7|0x000000070dc00000, 0x000000070de00000, 0x000000070de00000|100%| O|  |TAMS 0x000000070de00000, 0x000000070dc00000| Untracked 
|   8|0x000000070de00000, 0x000000070e000000, 0x000000070e000000|100%| O|  |TAMS 0x000000070e000000, 0x000000070de00000| Untracked 
|   9|0x000000070e000000, 0x000000070e200000, 0x000000070e200000|100%| O|  |TAMS 0x000000070e200000, 0x000000070e000000| Untracked 
|  10|0x000000070e200000, 0x000000070e400000, 0x000000070e400000|100%| O|  |TAMS 0x000000070e400000, 0x000000070e200000| Untracked 
|  11|0x000000070e400000, 0x000000070e600000, 0x000000070e600000|100%| O|  |TAMS 0x000000070e600000, 0x000000070e400000| Untracked 
|  12|0x000000070e600000, 0x000000070e800000, 0x000000070e800000|100%| O|  |TAMS 0x000000070e800000, 0x000000070e600000| Untracked 
|  13|0x000000070e800000, 0x000000070ea00000, 0x000000070ea00000|100%| O|  |TAMS 0x000000070ea00000, 0x000000070e800000| Untracked 
|  14|0x000000070ea00000, 0x000000070ec00000, 0x000000070ec00000|100%| O|  |TAMS 0x000000070ec00000, 0x000000070ea00000| Untracked 
|  15|0x000000070ec00000, 0x000000070ee00000, 0x000000070ee00000|100%| O|  |TAMS 0x000000070ee00000, 0x000000070ec00000| Untracked 
|  16|0x000000070ee00000, 0x000000070f000000, 0x000000070f000000|100%| O|  |TAMS 0x000000070f000000, 0x000000070ee00000| Untracked 
|  17|0x000000070f000000, 0x000000070f200000, 0x000000070f200000|100%| O|  |TAMS 0x000000070f200000, 0x000000070f000000| Untracked 
|  18|0x000000070f200000, 0x000000070f400000, 0x000000070f400000|100%| O|  |TAMS 0x000000070f400000, 0x000000070f200000| Untracked 
|  19|0x000000070f400000, 0x000000070f600000, 0x000000070f600000|100%| O|  |TAMS 0x000000070f600000, 0x000000070f400000| Untracked 
|  20|0x000000070f600000, 0x000000070f800000, 0x000000070f800000|100%| O|  |TAMS 0x000000070f800000, 0x000000070f600000| Untracked 
|  21|0x000000070f800000, 0x000000070fa00000, 0x000000070fa00000|100%| O|  |TAMS 0x000000070fa00000, 0x000000070f800000| Untracked 
|  22|0x000000070fa00000, 0x000000070fc00000, 0x000000070fc00000|100%| O|  |TAMS 0x000000070fc00000, 0x000000070fa00000| Untracked 
|  23|0x000000070fc00000, 0x000000070fe00000, 0x000000070fe00000|100%| O|  |TAMS 0x000000070fe00000, 0x000000070fc00000| Untracked 
|  24|0x000000070fe00000, 0x0000000710000000, 0x0000000710000000|100%| O|  |TAMS 0x0000000710000000, 0x000000070fe00000| Untracked 
|  25|0x0000000710000000, 0x0000000710200000, 0x0000000710200000|100%| O|  |TAMS 0x0000000710000000, 0x0000000710000000| Untracked 
|  26|0x0000000710200000, 0x0000000710400000, 0x0000000710400000|100%| O|  |TAMS 0x0000000710400000, 0x0000000710200000| Untracked 
|  27|0x0000000710400000, 0x0000000710600000, 0x0000000710600000|100%| O|  |TAMS 0x0000000710600000, 0x0000000710400000| Untracked 
|  28|0x0000000710600000, 0x0000000710800000, 0x0000000710800000|100%| O|  |TAMS 0x0000000710800000, 0x0000000710600000| Untracked 
|  29|0x0000000710800000, 0x0000000710a00000, 0x0000000710a00000|100%| O|  |TAMS 0x0000000710a00000, 0x0000000710800000| Untracked 
|  30|0x0000000710a00000, 0x0000000710c00000, 0x0000000710c00000|100%| O|  |TAMS 0x0000000710c00000, 0x0000000710a00000| Untracked 
|  31|0x0000000710c00000, 0x0000000710e00000, 0x0000000710e00000|100%| O|  |TAMS 0x0000000710e00000, 0x0000000710c00000| Untracked 
|  32|0x0000000710e00000, 0x0000000711000000, 0x0000000711000000|100%| O|  |TAMS 0x0000000711000000, 0x0000000710e00000| Untracked 
|  33|0x0000000711000000, 0x0000000711200000, 0x0000000711200000|100%| O|  |TAMS 0x0000000711200000, 0x0000000711000000| Untracked 
|  34|0x0000000711200000, 0x0000000711400000, 0x0000000711400000|100%| O|  |TAMS 0x0000000711400000, 0x0000000711200000| Untracked 
|  35|0x0000000711400000, 0x0000000711600000, 0x0000000711600000|100%| O|  |TAMS 0x0000000711600000, 0x0000000711400000| Untracked 
|  36|0x0000000711600000, 0x0000000711800000, 0x0000000711800000|100%| O|  |TAMS 0x0000000711800000, 0x0000000711600000| Untracked 
|  37|0x0000000711800000, 0x0000000711a00000, 0x0000000711a00000|100%| O|  |TAMS 0x0000000711a00000, 0x0000000711800000| Untracked 
|  38|0x0000000711a00000, 0x0000000711c00000, 0x0000000711c00000|100%| O|  |TAMS 0x0000000711c00000, 0x0000000711a00000| Untracked 
|  39|0x0000000711c00000, 0x0000000711e00000, 0x0000000711e00000|100%| O|  |TAMS 0x0000000711e00000, 0x0000000711c00000| Untracked 
|  40|0x0000000711e00000, 0x0000000712000000, 0x0000000712000000|100%| O|  |TAMS 0x0000000712000000, 0x0000000711e00000| Untracked 
|  41|0x0000000712000000, 0x0000000712200000, 0x0000000712200000|100%| O|  |TAMS 0x0000000712200000, 0x0000000712000000| Untracked 
|  42|0x0000000712200000, 0x0000000712400000, 0x0000000712400000|100%| O|  |TAMS 0x0000000712400000, 0x0000000712200000| Untracked 
|  43|0x0000000712400000, 0x0000000712600000, 0x0000000712600000|100%| O|  |TAMS 0x0000000712600000, 0x0000000712400000| Untracked 
|  44|0x0000000712600000, 0x0000000712800000, 0x0000000712800000|100%| O|  |TAMS 0x0000000712800000, 0x0000000712600000| Untracked 
|  45|0x0000000712800000, 0x0000000712a00000, 0x0000000712a00000|100%| O|  |TAMS 0x0000000712a00000, 0x0000000712800000| Untracked 
|  46|0x0000000712a00000, 0x0000000712c00000, 0x0000000712c00000|100%| O|  |TAMS 0x0000000712c00000, 0x0000000712a00000| Untracked 
|  47|0x0000000712c00000, 0x0000000712e00000, 0x0000000712e00000|100%| O|  |TAMS 0x0000000712e00000, 0x0000000712c00000| Untracked 
|  48|0x0000000712e00000, 0x0000000713000000, 0x0000000713000000|100%| O|  |TAMS 0x0000000713000000, 0x0000000712e00000| Untracked 
|  49|0x0000000713000000, 0x0000000713200000, 0x0000000713200000|100%| O|  |TAMS 0x0000000713200000, 0x0000000713000000| Untracked 
|  50|0x0000000713200000, 0x0000000713400000, 0x0000000713400000|100%| O|  |TAMS 0x0000000713400000, 0x0000000713200000| Untracked 
|  51|0x0000000713400000, 0x0000000713600000, 0x0000000713600000|100%| O|  |TAMS 0x0000000713600000, 0x0000000713400000| Untracked 
|  52|0x0000000713600000, 0x0000000713800000, 0x0000000713800000|100%| O|  |TAMS 0x0000000713800000, 0x0000000713600000| Untracked 
|  53|0x0000000713800000, 0x0000000713a00000, 0x0000000713a00000|100%| O|  |TAMS 0x0000000713a00000, 0x0000000713800000| Untracked 
|  54|0x0000000713a00000, 0x0000000713c00000, 0x0000000713c00000|100%| O|  |TAMS 0x0000000713c00000, 0x0000000713a00000| Untracked 
|  55|0x0000000713c00000, 0x0000000713e00000, 0x0000000713e00000|100%| O|  |TAMS 0x0000000713e00000, 0x0000000713c00000| Untracked 
|  56|0x0000000713e00000, 0x0000000714000000, 0x0000000714000000|100%| O|  |TAMS 0x0000000714000000, 0x0000000713e00000| Untracked 
|  57|0x0000000714000000, 0x0000000714200000, 0x0000000714200000|100%| O|  |TAMS 0x0000000714200000, 0x0000000714000000| Untracked 
|  58|0x0000000714200000, 0x0000000714400000, 0x0000000714400000|100%| O|  |TAMS 0x0000000714400000, 0x0000000714200000| Untracked 
|  59|0x0000000714400000, 0x0000000714600000, 0x0000000714600000|100%| O|  |TAMS 0x0000000714600000, 0x0000000714400000| Untracked 
|  60|0x0000000714600000, 0x0000000714800000, 0x0000000714800000|100%| O|  |TAMS 0x0000000714800000, 0x0000000714600000| Untracked 
|  61|0x0000000714800000, 0x0000000714a00000, 0x0000000714a00000|100%| O|  |TAMS 0x0000000714a00000, 0x0000000714800000| Untracked 
|  62|0x0000000714a00000, 0x0000000714c00000, 0x0000000714c00000|100%| O|  |TAMS 0x0000000714c00000, 0x0000000714a00000| Untracked 
|  63|0x0000000714c00000, 0x0000000714e00000, 0x0000000714e00000|100%| O|  |TAMS 0x0000000714e00000, 0x0000000714c00000| Untracked 
|  64|0x0000000714e00000, 0x0000000715000000, 0x0000000715000000|100%| O|  |TAMS 0x0000000715000000, 0x0000000714e00000| Untracked 
|  65|0x0000000715000000, 0x0000000715200000, 0x0000000715200000|100%| O|  |TAMS 0x0000000715200000, 0x0000000715000000| Untracked 
|  66|0x0000000715200000, 0x0000000715400000, 0x0000000715400000|100%| O|  |TAMS 0x0000000715400000, 0x0000000715200000| Untracked 
|  67|0x0000000715400000, 0x0000000715600000, 0x0000000715600000|100%| O|  |TAMS 0x0000000715600000, 0x0000000715400000| Untracked 
|  68|0x0000000715600000, 0x0000000715800000, 0x0000000715800000|100%| O|  |TAMS 0x0000000715800000, 0x0000000715600000| Untracked 
|  69|0x0000000715800000, 0x0000000715a00000, 0x0000000715a00000|100%| O|  |TAMS 0x0000000715a00000, 0x0000000715800000| Untracked 
|  70|0x0000000715a00000, 0x0000000715c00000, 0x0000000715c00000|100%| O|  |TAMS 0x0000000715c00000, 0x0000000715a00000| Untracked 
|  71|0x0000000715c00000, 0x0000000715e00000, 0x0000000715e00000|100%| O|  |TAMS 0x0000000715e00000, 0x0000000715c00000| Untracked 
|  72|0x0000000715e00000, 0x0000000716000000, 0x0000000716000000|100%| O|  |TAMS 0x0000000716000000, 0x0000000715e00000| Untracked 
|  73|0x0000000716000000, 0x0000000716200000, 0x0000000716200000|100%| O|  |TAMS 0x0000000716200000, 0x0000000716000000| Untracked 
|  74|0x0000000716200000, 0x0000000716400000, 0x0000000716400000|100%| O|  |TAMS 0x0000000716400000, 0x0000000716200000| Untracked 
|  75|0x0000000716400000, 0x0000000716600000, 0x0000000716600000|100%| O|  |TAMS 0x0000000716600000, 0x0000000716400000| Untracked 
|  76|0x0000000716600000, 0x0000000716800000, 0x0000000716800000|100%| O|  |TAMS 0x0000000716800000, 0x0000000716600000| Untracked 
|  77|0x0000000716800000, 0x0000000716a00000, 0x0000000716a00000|100%| O|  |TAMS 0x0000000716a00000, 0x0000000716800000| Untracked 
|  78|0x0000000716a00000, 0x0000000716c00000, 0x0000000716c00000|100%| O|  |TAMS 0x0000000716c00000, 0x0000000716a00000| Untracked 
|  79|0x0000000716c00000, 0x0000000716e00000, 0x0000000716e00000|100%| O|  |TAMS 0x0000000716e00000, 0x0000000716c00000| Untracked 
|  80|0x0000000716e00000, 0x0000000717000000, 0x0000000717000000|100%| O|  |TAMS 0x0000000717000000, 0x0000000716e00000| Untracked 
|  81|0x0000000717000000, 0x0000000717200000, 0x0000000717200000|100%| O|  |TAMS 0x0000000717200000, 0x0000000717000000| Untracked 
|  82|0x0000000717200000, 0x0000000717400000, 0x0000000717400000|100%| O|  |TAMS 0x0000000717400000, 0x0000000717200000| Untracked 
|  83|0x0000000717400000, 0x0000000717600000, 0x0000000717600000|100%| O|  |TAMS 0x0000000717600000, 0x0000000717400000| Untracked 
|  84|0x0000000717600000, 0x0000000717800000, 0x0000000717800000|100%| O|  |TAMS 0x0000000717700800, 0x0000000717600000| Untracked 
|  85|0x0000000717800000, 0x0000000717a00000, 0x0000000717a00000|100%| O|  |TAMS 0x0000000717800000, 0x0000000717800000| Untracked 
|  86|0x0000000717a00000, 0x0000000717c00000, 0x0000000717c00000|100%| O|  |TAMS 0x0000000717a00000, 0x0000000717a00000| Untracked 
|  87|0x0000000717c00000, 0x0000000717e00000, 0x0000000717e00000|100%| O|  |TAMS 0x0000000717c00000, 0x0000000717c00000| Untracked 
|  88|0x0000000717e00000, 0x0000000718000000, 0x0000000718000000|100%| O|  |TAMS 0x0000000717e00000, 0x0000000717e00000| Untracked 
|  89|0x0000000718000000, 0x0000000718200000, 0x0000000718200000|100%| O|  |TAMS 0x0000000718000000, 0x0000000718000000| Untracked 
|  90|0x0000000718200000, 0x0000000718400000, 0x0000000718400000|100%| O|  |TAMS 0x0000000718200000, 0x0000000718200000| Untracked 
|  91|0x0000000718400000, 0x0000000718600000, 0x0000000718600000|100%| O|  |TAMS 0x0000000718400000, 0x0000000718400000| Untracked 
|  92|0x0000000718600000, 0x0000000718800000, 0x0000000718800000|100%| O|  |TAMS 0x0000000718600000, 0x0000000718600000| Untracked 
|  93|0x0000000718800000, 0x0000000718a00000, 0x0000000718a00000|100%| O|  |TAMS 0x0000000718800000, 0x0000000718800000| Untracked 
|  94|0x0000000718a00000, 0x0000000718c00000, 0x0000000718c00000|100%| O|  |TAMS 0x0000000718a00000, 0x0000000718a00000| Untracked 
|  95|0x0000000718c00000, 0x0000000718e00000, 0x0000000718e00000|100%| O|  |TAMS 0x0000000718c00000, 0x0000000718c00000| Untracked 
|  96|0x0000000718e00000, 0x0000000719000000, 0x0000000719000000|100%| O|  |TAMS 0x0000000718e00000, 0x0000000718e00000| Untracked 
|  97|0x0000000719000000, 0x0000000719200000, 0x0000000719200000|100%| O|  |TAMS 0x0000000719000000, 0x0000000719000000| Untracked 
|  98|0x0000000719200000, 0x0000000719400000, 0x0000000719400000|100%| O|  |TAMS 0x0000000719200000, 0x0000000719200000| Untracked 
|  99|0x0000000719400000, 0x0000000719600000, 0x0000000719600000|100%| O|  |TAMS 0x0000000719400000, 0x0000000719400000| Untracked 
| 100|0x0000000719600000, 0x0000000719800000, 0x0000000719800000|100%| O|  |TAMS 0x0000000719600000, 0x0000000719600000| Untracked 
| 101|0x0000000719800000, 0x0000000719a00000, 0x0000000719a00000|100%| O|  |TAMS 0x0000000719800000, 0x0000000719800000| Untracked 
| 102|0x0000000719a00000, 0x0000000719c00000, 0x0000000719c00000|100%| O|  |TAMS 0x0000000719a00000, 0x0000000719a00000| Untracked 
| 103|0x0000000719c00000, 0x0000000719e00000, 0x0000000719e00000|100%| O|  |TAMS 0x0000000719c00000, 0x0000000719c00000| Untracked 
| 104|0x0000000719e00000, 0x000000071a000000, 0x000000071a000000|100%| O|  |TAMS 0x0000000719e00000, 0x0000000719e00000| Untracked 
| 105|0x000000071a000000, 0x000000071a200000, 0x000000071a200000|100%| O|  |TAMS 0x000000071a000000, 0x000000071a000000| Untracked 
| 106|0x000000071a200000, 0x000000071a400000, 0x000000071a400000|100%| O|  |TAMS 0x000000071a200000, 0x000000071a200000| Untracked 
| 107|0x000000071a400000, 0x000000071a600000, 0x000000071a600000|100%| O|  |TAMS 0x000000071a400000, 0x000000071a400000| Untracked 
| 108|0x000000071a600000, 0x000000071a800000, 0x000000071a800000|100%| O|  |TAMS 0x000000071a600000, 0x000000071a600000| Untracked 
| 109|0x000000071a800000, 0x000000071aa00000, 0x000000071aa00000|100%| O|  |TAMS 0x000000071a800000, 0x000000071a800000| Untracked 
| 110|0x000000071aa00000, 0x000000071ac00000, 0x000000071ac00000|100%| O|  |TAMS 0x000000071aa00000, 0x000000071aa00000| Untracked 
| 111|0x000000071ac00000, 0x000000071ae00000, 0x000000071ae00000|100%| O|  |TAMS 0x000000071ac00000, 0x000000071ac00000| Untracked 
| 112|0x000000071ae00000, 0x000000071b000000, 0x000000071b000000|100%| O|  |TAMS 0x000000071ae00000, 0x000000071ae00000| Untracked 
| 113|0x000000071b000000, 0x000000071b200000, 0x000000071b200000|100%| O|  |TAMS 0x000000071b000000, 0x000000071b000000| Untracked 
| 114|0x000000071b200000, 0x000000071b400000, 0x000000071b400000|100%| O|  |TAMS 0x000000071b200000, 0x000000071b200000| Untracked 
| 115|0x000000071b400000, 0x000000071b600000, 0x000000071b600000|100%| O|  |TAMS 0x000000071b400000, 0x000000071b400000| Untracked 
| 116|0x000000071b600000, 0x000000071b800000, 0x000000071b800000|100%| O|  |TAMS 0x000000071b600000, 0x000000071b600000| Untracked 
| 117|0x000000071b800000, 0x000000071ba00000, 0x000000071ba00000|100%| O|  |TAMS 0x000000071b800000, 0x000000071b800000| Untracked 
| 118|0x000000071ba00000, 0x000000071bc00000, 0x000000071bc00000|100%| O|  |TAMS 0x000000071ba00000, 0x000000071ba00000| Untracked 
| 119|0x000000071bc00000, 0x000000071be00000, 0x000000071be00000|100%| O|  |TAMS 0x000000071bc00000, 0x000000071bc00000| Untracked 
| 120|0x000000071be00000, 0x000000071c000000, 0x000000071c000000|100%| O|  |TAMS 0x000000071be00000, 0x000000071be00000| Untracked 
| 121|0x000000071c000000, 0x000000071c000000, 0x000000071c200000|  0%| F|  |TAMS 0x000000071c000000, 0x000000071c000000| Untracked 
| 122|0x000000071c200000, 0x000000071c200000, 0x000000071c400000|  0%| F|  |TAMS 0x000000071c200000, 0x000000071c200000| Untracked 
| 123|0x000000071c400000, 0x000000071c400000, 0x000000071c600000|  0%| F|  |TAMS 0x000000071c400000, 0x000000071c400000| Untracked 
| 124|0x000000071c600000, 0x000000071c600000, 0x000000071c800000|  0%| F|  |TAMS 0x000000071c600000, 0x000000071c600000| Untracked 
| 125|0x000000071c800000, 0x000000071c800000, 0x000000071ca00000|  0%| F|  |TAMS 0x000000071c800000, 0x000000071c800000| Untracked 
| 126|0x000000071ca00000, 0x000000071ca00000, 0x000000071cc00000|  0%| F|  |TAMS 0x000000071ca00000, 0x000000071ca00000| Untracked 
| 127|0x000000071cc00000, 0x000000071cc00000, 0x000000071ce00000|  0%| F|  |TAMS 0x000000071cc00000, 0x000000071cc00000| Untracked 
| 128|0x000000071ce00000, 0x000000071ce00000, 0x000000071d000000|  0%| F|  |TAMS 0x000000071ce00000, 0x000000071ce00000| Untracked 
| 129|0x000000071d000000, 0x000000071d000000, 0x000000071d200000|  0%| F|  |TAMS 0x000000071d000000, 0x000000071d000000| Untracked 
| 130|0x000000071d200000, 0x000000071d200000, 0x000000071d400000|  0%| F|  |TAMS 0x000000071d200000, 0x000000071d200000| Untracked 
| 131|0x000000071d400000, 0x000000071d400000, 0x000000071d600000|  0%| F|  |TAMS 0x000000071d400000, 0x000000071d400000| Untracked 
| 132|0x000000071d600000, 0x000000071d600000, 0x000000071d800000|  0%| F|  |TAMS 0x000000071d600000, 0x000000071d600000| Untracked 
| 133|0x000000071d800000, 0x000000071d800000, 0x000000071da00000|  0%| F|  |TAMS 0x000000071d800000, 0x000000071d800000| Untracked 
| 134|0x000000071da00000, 0x000000071da00000, 0x000000071dc00000|  0%| F|  |TAMS 0x000000071da00000, 0x000000071da00000| Untracked 
| 135|0x000000071dc00000, 0x000000071dc00000, 0x000000071de00000|  0%| F|  |TAMS 0x000000071dc00000, 0x000000071dc00000| Untracked 
| 136|0x000000071de00000, 0x000000071de00000, 0x000000071e000000|  0%| F|  |TAMS 0x000000071de00000, 0x000000071de00000| Untracked 
| 137|0x000000071e000000, 0x000000071e000000, 0x000000071e200000|  0%| F|  |TAMS 0x000000071e000000, 0x000000071e000000| Untracked 
| 138|0x000000071e200000, 0x000000071e200000, 0x000000071e400000|  0%| F|  |TAMS 0x000000071e200000, 0x000000071e200000| Untracked 
| 139|0x000000071e400000, 0x000000071e400000, 0x000000071e600000|  0%| F|  |TAMS 0x000000071e400000, 0x000000071e400000| Untracked 
| 140|0x000000071e600000, 0x000000071e600000, 0x000000071e800000|  0%| F|  |TAMS 0x000000071e600000, 0x000000071e600000| Untracked 
| 141|0x000000071e800000, 0x000000071e800000, 0x000000071ea00000|  0%| F|  |TAMS 0x000000071e800000, 0x000000071e800000| Untracked 
| 142|0x000000071ea00000, 0x000000071ea00000, 0x000000071ec00000|  0%| F|  |TAMS 0x000000071ea00000, 0x000000071ea00000| Untracked 
| 143|0x000000071ec00000, 0x000000071ec00000, 0x000000071ee00000|  0%| F|  |TAMS 0x000000071ec00000, 0x000000071ec00000| Untracked 
| 144|0x000000071ee00000, 0x000000071ee00000, 0x000000071f000000|  0%| F|  |TAMS 0x000000071ee00000, 0x000000071ee00000| Untracked 
| 145|0x000000071f000000, 0x000000071f000000, 0x000000071f200000|  0%| F|  |TAMS 0x000000071f000000, 0x000000071f000000| Untracked 
| 146|0x000000071f200000, 0x000000071f200000, 0x000000071f400000|  0%| F|  |TAMS 0x000000071f200000, 0x000000071f200000| Untracked 
| 147|0x000000071f400000, 0x000000071f400000, 0x000000071f600000|  0%| F|  |TAMS 0x000000071f400000, 0x000000071f400000| Untracked 
| 148|0x000000071f600000, 0x000000071f600000, 0x000000071f800000|  0%| F|  |TAMS 0x000000071f600000, 0x000000071f600000| Untracked 
| 149|0x000000071f800000, 0x000000071f800000, 0x000000071fa00000|  0%| F|  |TAMS 0x000000071f800000, 0x000000071f800000| Untracked 
| 150|0x000000071fa00000, 0x000000071fa00000, 0x000000071fc00000|  0%| F|  |TAMS 0x000000071fa00000, 0x000000071fa00000| Untracked 
| 151|0x000000071fc00000, 0x000000071fc00000, 0x000000071fe00000|  0%| F|  |TAMS 0x000000071fc00000, 0x000000071fc00000| Untracked 
| 152|0x000000071fe00000, 0x000000071fe00000, 0x0000000720000000|  0%| F|  |TAMS 0x000000071fe00000, 0x000000071fe00000| Untracked 
| 153|0x0000000720000000, 0x0000000720000000, 0x0000000720200000|  0%| F|  |TAMS 0x0000000720000000, 0x0000000720000000| Untracked 
| 154|0x0000000720200000, 0x0000000720200000, 0x0000000720400000|  0%| F|  |TAMS 0x0000000720200000, 0x0000000720200000| Untracked 
| 155|0x0000000720400000, 0x0000000720400000, 0x0000000720600000|  0%| F|  |TAMS 0x0000000720400000, 0x0000000720400000| Untracked 
| 156|0x0000000720600000, 0x0000000720600000, 0x0000000720800000|  0%| F|  |TAMS 0x0000000720600000, 0x0000000720600000| Untracked 
| 157|0x0000000720800000, 0x0000000720800000, 0x0000000720a00000|  0%| F|  |TAMS 0x0000000720800000, 0x0000000720800000| Untracked 
| 158|0x0000000720a00000, 0x0000000720be90c0, 0x0000000720c00000| 95%| S|CS|TAMS 0x0000000720a00000, 0x0000000720a00000| Complete 
| 159|0x0000000720c00000, 0x0000000720e00000, 0x0000000720e00000|100%| S|CS|TAMS 0x0000000720c00000, 0x0000000720c00000| Complete 
| 160|0x0000000720e00000, 0x0000000721000000, 0x0000000721000000|100%| S|CS|TAMS 0x0000000720e00000, 0x0000000720e00000| Complete 
| 161|0x0000000721000000, 0x0000000721200000, 0x0000000721200000|100%| S|CS|TAMS 0x0000000721000000, 0x0000000721000000| Complete 
| 162|0x0000000721200000, 0x0000000721400000, 0x0000000721400000|100%| S|CS|TAMS 0x0000000721200000, 0x0000000721200000| Complete 
| 163|0x0000000721400000, 0x0000000721600000, 0x0000000721600000|100%| S|CS|TAMS 0x0000000721400000, 0x0000000721400000| Complete 
| 164|0x0000000721600000, 0x0000000721600000, 0x0000000721800000|  0%| F|  |TAMS 0x0000000721600000, 0x0000000721600000| Untracked 
| 165|0x0000000721800000, 0x0000000721800000, 0x0000000721a00000|  0%| F|  |TAMS 0x0000000721800000, 0x0000000721800000| Untracked 
| 166|0x0000000721a00000, 0x0000000721a00000, 0x0000000721c00000|  0%| F|  |TAMS 0x0000000721a00000, 0x0000000721a00000| Untracked 
| 167|0x0000000721c00000, 0x0000000721c00000, 0x0000000721e00000|  0%| F|  |TAMS 0x0000000721c00000, 0x0000000721c00000| Untracked 
| 168|0x0000000721e00000, 0x0000000721e00000, 0x0000000722000000|  0%| F|  |TAMS 0x0000000721e00000, 0x0000000721e00000| Untracked 
| 169|0x0000000722000000, 0x0000000722000000, 0x0000000722200000|  0%| F|  |TAMS 0x0000000722000000, 0x0000000722000000| Untracked 
| 170|0x0000000722200000, 0x0000000722200000, 0x0000000722400000|  0%| F|  |TAMS 0x0000000722200000, 0x0000000722200000| Untracked 
| 171|0x0000000722400000, 0x0000000722400000, 0x0000000722600000|  0%| F|  |TAMS 0x0000000722400000, 0x0000000722400000| Untracked 
| 172|0x0000000722600000, 0x0000000722600000, 0x0000000722800000|  0%| F|  |TAMS 0x0000000722600000, 0x0000000722600000| Untracked 
| 173|0x0000000722800000, 0x0000000722a00000, 0x0000000722a00000|100%| S|CS|TAMS 0x0000000722800000, 0x0000000722800000| Complete 
| 174|0x0000000722a00000, 0x0000000722a00000, 0x0000000722c00000|  0%| F|  |TAMS 0x0000000722a00000, 0x0000000722a00000| Untracked 
| 175|0x0000000722c00000, 0x0000000722c00000, 0x0000000722e00000|  0%| F|  |TAMS 0x0000000722c00000, 0x0000000722c00000| Untracked 
| 176|0x0000000722e00000, 0x0000000722e00000, 0x0000000723000000|  0%| F|  |TAMS 0x0000000722e00000, 0x0000000722e00000| Untracked 
| 177|0x0000000723000000, 0x0000000723000000, 0x0000000723200000|  0%| F|  |TAMS 0x0000000723000000, 0x0000000723000000| Untracked 
| 178|0x0000000723200000, 0x0000000723200000, 0x0000000723400000|  0%| F|  |TAMS 0x0000000723200000, 0x0000000723200000| Untracked 
| 179|0x0000000723400000, 0x0000000723400000, 0x0000000723600000|  0%| F|  |TAMS 0x0000000723400000, 0x0000000723400000| Untracked 
| 180|0x0000000723600000, 0x0000000723600000, 0x0000000723800000|  0%| F|  |TAMS 0x0000000723600000, 0x0000000723600000| Untracked 
| 181|0x0000000723800000, 0x0000000723800000, 0x0000000723a00000|  0%| F|  |TAMS 0x0000000723800000, 0x0000000723800000| Untracked 
| 182|0x0000000723a00000, 0x0000000723a00000, 0x0000000723c00000|  0%| F|  |TAMS 0x0000000723a00000, 0x0000000723a00000| Untracked 
| 183|0x0000000723c00000, 0x0000000723c00000, 0x0000000723e00000|  0%| F|  |TAMS 0x0000000723c00000, 0x0000000723c00000| Untracked 
| 184|0x0000000723e00000, 0x0000000723e00000, 0x0000000724000000|  0%| F|  |TAMS 0x0000000723e00000, 0x0000000723e00000| Untracked 
| 185|0x0000000724000000, 0x0000000724000000, 0x0000000724200000|  0%| F|  |TAMS 0x0000000724000000, 0x0000000724000000| Untracked 
| 186|0x0000000724200000, 0x0000000724200000, 0x0000000724400000|  0%| F|  |TAMS 0x0000000724200000, 0x0000000724200000| Untracked 
| 187|0x0000000724400000, 0x0000000724400000, 0x0000000724600000|  0%| F|  |TAMS 0x0000000724400000, 0x0000000724400000| Untracked 
| 188|0x0000000724600000, 0x0000000724600000, 0x0000000724800000|  0%| F|  |TAMS 0x0000000724600000, 0x0000000724600000| Untracked 
| 189|0x0000000724800000, 0x0000000724800000, 0x0000000724a00000|  0%| F|  |TAMS 0x0000000724800000, 0x0000000724800000| Untracked 
| 190|0x0000000724a00000, 0x0000000724a00000, 0x0000000724c00000|  0%| F|  |TAMS 0x0000000724a00000, 0x0000000724a00000| Untracked 
| 191|0x0000000724c00000, 0x0000000724c00000, 0x0000000724e00000|  0%| F|  |TAMS 0x0000000724c00000, 0x0000000724c00000| Untracked 
| 192|0x0000000724e00000, 0x0000000724e00000, 0x0000000725000000|  0%| F|  |TAMS 0x0000000724e00000, 0x0000000724e00000| Untracked 
| 193|0x0000000725000000, 0x0000000725000000, 0x0000000725200000|  0%| F|  |TAMS 0x0000000725000000, 0x0000000725000000| Untracked 
| 194|0x0000000725200000, 0x0000000725200000, 0x0000000725400000|  0%| F|  |TAMS 0x0000000725200000, 0x0000000725200000| Untracked 
| 195|0x0000000725400000, 0x0000000725400000, 0x0000000725600000|  0%| F|  |TAMS 0x0000000725400000, 0x0000000725400000| Untracked 
| 196|0x0000000725600000, 0x0000000725600000, 0x0000000725800000|  0%| F|  |TAMS 0x0000000725600000, 0x0000000725600000| Untracked 
| 197|0x0000000725800000, 0x0000000725800000, 0x0000000725a00000|  0%| F|  |TAMS 0x0000000725800000, 0x0000000725800000| Untracked 
| 198|0x0000000725a00000, 0x0000000725a00000, 0x0000000725c00000|  0%| F|  |TAMS 0x0000000725a00000, 0x0000000725a00000| Untracked 
| 199|0x0000000725c00000, 0x0000000725c00000, 0x0000000725e00000|  0%| F|  |TAMS 0x0000000725c00000, 0x0000000725c00000| Untracked 
| 200|0x0000000725e00000, 0x0000000725e00000, 0x0000000726000000|  0%| F|  |TAMS 0x0000000725e00000, 0x0000000725e00000| Untracked 
| 201|0x0000000726000000, 0x0000000726000000, 0x0000000726200000|  0%| F|  |TAMS 0x0000000726000000, 0x0000000726000000| Untracked 
| 202|0x0000000726200000, 0x0000000726200000, 0x0000000726400000|  0%| F|  |TAMS 0x0000000726200000, 0x0000000726200000| Untracked 
| 203|0x0000000726400000, 0x0000000726400000, 0x0000000726600000|  0%| F|  |TAMS 0x0000000726400000, 0x0000000726400000| Untracked 
| 204|0x0000000726600000, 0x0000000726600000, 0x0000000726800000|  0%| F|  |TAMS 0x0000000726600000, 0x0000000726600000| Untracked 
| 205|0x0000000726800000, 0x0000000726800000, 0x0000000726a00000|  0%| F|  |TAMS 0x0000000726800000, 0x0000000726800000| Untracked 
| 206|0x0000000726a00000, 0x0000000726a00000, 0x0000000726c00000|  0%| F|  |TAMS 0x0000000726a00000, 0x0000000726a00000| Untracked 
| 207|0x0000000726c00000, 0x0000000726c00000, 0x0000000726e00000|  0%| F|  |TAMS 0x0000000726c00000, 0x0000000726c00000| Untracked 
| 208|0x0000000726e00000, 0x0000000726e00000, 0x0000000727000000|  0%| F|  |TAMS 0x0000000726e00000, 0x0000000726e00000| Untracked 
| 209|0x0000000727000000, 0x0000000727000000, 0x0000000727200000|  0%| F|  |TAMS 0x0000000727000000, 0x0000000727000000| Untracked 
| 210|0x0000000727200000, 0x0000000727200000, 0x0000000727400000|  0%| F|  |TAMS 0x0000000727200000, 0x0000000727200000| Untracked 
| 211|0x0000000727400000, 0x0000000727400000, 0x0000000727600000|  0%| F|  |TAMS 0x0000000727400000, 0x0000000727400000| Untracked 
| 212|0x0000000727600000, 0x0000000727600000, 0x0000000727800000|  0%| F|  |TAMS 0x0000000727600000, 0x0000000727600000| Untracked 
| 213|0x0000000727800000, 0x0000000727800000, 0x0000000727a00000|  0%| F|  |TAMS 0x0000000727800000, 0x0000000727800000| Untracked 
| 214|0x0000000727a00000, 0x0000000727a00000, 0x0000000727c00000|  0%| F|  |TAMS 0x0000000727a00000, 0x0000000727a00000| Untracked 
| 215|0x0000000727c00000, 0x0000000727c00000, 0x0000000727e00000|  0%| F|  |TAMS 0x0000000727c00000, 0x0000000727c00000| Untracked 
| 216|0x0000000727e00000, 0x0000000727e00000, 0x0000000728000000|  0%| F|  |TAMS 0x0000000727e00000, 0x0000000727e00000| Untracked 
| 217|0x0000000728000000, 0x0000000728000000, 0x0000000728200000|  0%| F|  |TAMS 0x0000000728000000, 0x0000000728000000| Untracked 
| 218|0x0000000728200000, 0x0000000728200000, 0x0000000728400000|  0%| F|  |TAMS 0x0000000728200000, 0x0000000728200000| Untracked 
| 219|0x0000000728400000, 0x0000000728400000, 0x0000000728600000|  0%| F|  |TAMS 0x0000000728400000, 0x0000000728400000| Untracked 
| 220|0x0000000728600000, 0x0000000728600000, 0x0000000728800000|  0%| F|  |TAMS 0x0000000728600000, 0x0000000728600000| Untracked 
| 221|0x0000000728800000, 0x0000000728800000, 0x0000000728a00000|  0%| F|  |TAMS 0x0000000728800000, 0x0000000728800000| Untracked 
| 222|0x0000000728a00000, 0x0000000728a00000, 0x0000000728c00000|  0%| F|  |TAMS 0x0000000728a00000, 0x0000000728a00000| Untracked 
| 223|0x0000000728c00000, 0x0000000728c00000, 0x0000000728e00000|  0%| F|  |TAMS 0x0000000728c00000, 0x0000000728c00000| Untracked 
| 224|0x0000000728e00000, 0x0000000728e00000, 0x0000000729000000|  0%| F|  |TAMS 0x0000000728e00000, 0x0000000728e00000| Untracked 
| 225|0x0000000729000000, 0x0000000729000000, 0x0000000729200000|  0%| F|  |TAMS 0x0000000729000000, 0x0000000729000000| Untracked 
| 226|0x0000000729200000, 0x0000000729200000, 0x0000000729400000|  0%| F|  |TAMS 0x0000000729200000, 0x0000000729200000| Untracked 
| 227|0x0000000729400000, 0x0000000729400000, 0x0000000729600000|  0%| F|  |TAMS 0x0000000729400000, 0x0000000729400000| Untracked 
| 228|0x0000000729600000, 0x0000000729600000, 0x0000000729800000|  0%| F|  |TAMS 0x0000000729600000, 0x0000000729600000| Untracked 
| 229|0x0000000729800000, 0x0000000729800000, 0x0000000729a00000|  0%| F|  |TAMS 0x0000000729800000, 0x0000000729800000| Untracked 
| 230|0x0000000729a00000, 0x0000000729a00000, 0x0000000729c00000|  0%| F|  |TAMS 0x0000000729a00000, 0x0000000729a00000| Untracked 
| 231|0x0000000729c00000, 0x0000000729c00000, 0x0000000729e00000|  0%| F|  |TAMS 0x0000000729c00000, 0x0000000729c00000| Untracked 
| 232|0x0000000729e00000, 0x0000000729e00000, 0x000000072a000000|  0%| F|  |TAMS 0x0000000729e00000, 0x0000000729e00000| Untracked 
| 233|0x000000072a000000, 0x000000072a000000, 0x000000072a200000|  0%| F|  |TAMS 0x000000072a000000, 0x000000072a000000| Untracked 
| 234|0x000000072a200000, 0x000000072a200000, 0x000000072a400000|  0%| F|  |TAMS 0x000000072a200000, 0x000000072a200000| Untracked 
| 235|0x000000072a400000, 0x000000072a400000, 0x000000072a600000|  0%| F|  |TAMS 0x000000072a400000, 0x000000072a400000| Untracked 
| 236|0x000000072a600000, 0x000000072a600000, 0x000000072a800000|  0%| F|  |TAMS 0x000000072a600000, 0x000000072a600000| Untracked 
| 237|0x000000072a800000, 0x000000072a800000, 0x000000072aa00000|  0%| F|  |TAMS 0x000000072a800000, 0x000000072a800000| Untracked 
| 238|0x000000072aa00000, 0x000000072aa00000, 0x000000072ac00000|  0%| F|  |TAMS 0x000000072aa00000, 0x000000072aa00000| Untracked 
| 239|0x000000072ac00000, 0x000000072ac00000, 0x000000072ae00000|  0%| F|  |TAMS 0x000000072ac00000, 0x000000072ac00000| Untracked 
| 240|0x000000072ae00000, 0x000000072ae00000, 0x000000072b000000|  0%| F|  |TAMS 0x000000072ae00000, 0x000000072ae00000| Untracked 
| 241|0x000000072b000000, 0x000000072b000000, 0x000000072b200000|  0%| F|  |TAMS 0x000000072b000000, 0x000000072b000000| Untracked 
| 242|0x000000072b200000, 0x000000072b200000, 0x000000072b400000|  0%| F|  |TAMS 0x000000072b200000, 0x000000072b200000| Untracked 
| 243|0x000000072b400000, 0x000000072b400000, 0x000000072b600000|  0%| F|  |TAMS 0x000000072b400000, 0x000000072b400000| Untracked 
| 244|0x000000072b600000, 0x000000072b600000, 0x000000072b800000|  0%| F|  |TAMS 0x000000072b600000, 0x000000072b600000| Untracked 
| 245|0x000000072b800000, 0x000000072b800000, 0x000000072ba00000|  0%| F|  |TAMS 0x000000072b800000, 0x000000072b800000| Untracked 
| 246|0x000000072ba00000, 0x000000072ba00000, 0x000000072bc00000|  0%| F|  |TAMS 0x000000072ba00000, 0x000000072ba00000| Untracked 
| 247|0x000000072bc00000, 0x000000072bc00000, 0x000000072be00000|  0%| F|  |TAMS 0x000000072bc00000, 0x000000072bc00000| Untracked 
| 248|0x000000072be00000, 0x000000072be00000, 0x000000072c000000|  0%| F|  |TAMS 0x000000072be00000, 0x000000072be00000| Untracked 
| 249|0x000000072c000000, 0x000000072c000000, 0x000000072c200000|  0%| F|  |TAMS 0x000000072c000000, 0x000000072c000000| Untracked 
| 250|0x000000072c200000, 0x000000072c200000, 0x000000072c400000|  0%| F|  |TAMS 0x000000072c200000, 0x000000072c200000| Untracked 
| 251|0x000000072c400000, 0x000000072c400000, 0x000000072c600000|  0%| F|  |TAMS 0x000000072c400000, 0x000000072c400000| Untracked 
| 252|0x000000072c600000, 0x000000072c600000, 0x000000072c800000|  0%| F|  |TAMS 0x000000072c600000, 0x000000072c600000| Untracked 
| 253|0x000000072c800000, 0x000000072c800000, 0x000000072ca00000|  0%| F|  |TAMS 0x000000072c800000, 0x000000072c800000| Untracked 
| 254|0x000000072ca00000, 0x000000072ca00000, 0x000000072cc00000|  0%| F|  |TAMS 0x000000072ca00000, 0x000000072ca00000| Untracked 
| 255|0x000000072cc00000, 0x000000072cc00000, 0x000000072ce00000|  0%| F|  |TAMS 0x000000072cc00000, 0x000000072cc00000| Untracked 
| 256|0x000000072ce00000, 0x000000072ce00000, 0x000000072d000000|  0%| F|  |TAMS 0x000000072ce00000, 0x000000072ce00000| Untracked 
| 257|0x000000072d000000, 0x000000072d000000, 0x000000072d200000|  0%| F|  |TAMS 0x000000072d000000, 0x000000072d000000| Untracked 
| 258|0x000000072d200000, 0x000000072d200000, 0x000000072d400000|  0%| F|  |TAMS 0x000000072d200000, 0x000000072d200000| Untracked 
| 259|0x000000072d400000, 0x000000072d400000, 0x000000072d600000|  0%| F|  |TAMS 0x000000072d400000, 0x000000072d400000| Untracked 
| 260|0x000000072d600000, 0x000000072d600000, 0x000000072d800000|  0%| F|  |TAMS 0x000000072d600000, 0x000000072d600000| Untracked 
| 261|0x000000072d800000, 0x000000072d800000, 0x000000072da00000|  0%| F|  |TAMS 0x000000072d800000, 0x000000072d800000| Untracked 
| 262|0x000000072da00000, 0x000000072da00000, 0x000000072dc00000|  0%| F|  |TAMS 0x000000072da00000, 0x000000072da00000| Untracked 
|1944|0x00000007ffe00000, 0x0000000800000000, 0x0000000800000000|100%| O|  |TAMS 0x0000000800000000, 0x00000007ffe00000| Untracked 

Card table byte_map: [0x0000025a512a0000,0x0000025a51a40000] _byte_map_base: 0x0000025a4da39000

Marking Bits (Prev, Next): (CMBitMap*) 0x0000025a3801bc50, (CMBitMap*) 0x0000025a3801bc10
 Prev Bits: [0x0000025a55eb0000, 0x0000025a59b78000)
 Next Bits: [0x0000025a521e0000, 0x0000025a55ea8000)

Polling page: 0x0000025a37d10000

Metaspace:

Usage:
  Non-class:     79.46 MB used.
      Class:      8.64 MB used.
       Both:     88.11 MB used.

Virtual space:
  Non-class space:      128.00 MB reserved,      79.62 MB ( 62%) committed,  2 nodes.
      Class space:        1.00 GB reserved,       8.81 MB ( <1%) committed,  1 nodes.
             Both:        1.12 GB reserved,      88.44 MB (  8%) committed. 

Chunk freelists:
   Non-Class:  15.81 MB
       Class:  7.00 MB
        Both:  22.82 MB

MaxMetaspaceSize: unlimited
CompressedClassSpaceSize: 1.00 GB
Initial GC threshold: 21.00 MB
Current GC threshold: 117.81 MB
CDS: on
MetaspaceReclaimPolicy: balanced
 - commit_granule_bytes: 65536.
 - commit_granule_words: 8192.
 - virtual_space_node_default_size: 8388608.
 - enlarge_chunks_in_place: 1.
 - new_chunks_are_fully_committed: 0.
 - uncommit_free_chunks: 1.
 - use_allocation_guard: 0.
 - handle_deallocations: 1.


Internal statistics:

num_allocs_failed_limit: 6.
num_arena_births: 422.
num_arena_deaths: 0.
num_vsnodes_births: 3.
num_vsnodes_deaths: 0.
num_space_committed: 1413.
num_space_uncommitted: 0.
num_chunks_returned_to_freelist: 6.
num_chunks_taken_from_freelist: 3572.
num_chunk_merges: 6.
num_chunk_splits: 2945.
num_chunks_enlarged: 2647.
num_inconsistent_stats: 0.

CodeHeap 'non-profiled nmethods': size=120000Kb used=14939Kb max_used=14939Kb free=105060Kb
 bounds [0x0000025a48950000, 0x0000025a497f0000, 0x0000025a4fe80000]
CodeHeap 'profiled nmethods': size=120000Kb used=71219Kb max_used=72460Kb free=48780Kb
 bounds [0x0000025a40e80000, 0x0000025a45550000, 0x0000025a483b0000]
CodeHeap 'non-nmethods': size=5760Kb used=1501Kb max_used=1593Kb free=4258Kb
 bounds [0x0000025a483b0000, 0x0000025a48620000, 0x0000025a48950000]
 total_blobs=21653 nmethods=20833 adapters=725
 compilation: enabled
              stopped_count=0, restarted_count=0
 full_count=0

Compilation events (20 events):
Event: 18.329 Thread 0x0000025a5c9c8a00 26885       1       org.jetbrains.kotlin.codegen.inline.RegeneratedLambdaFieldRemapper::getNewLambdaInternalName (5 bytes)
Event: 18.329 Thread 0x0000025a5c9c8a00 nmethod 26885 0x0000025a497e6690 code [0x0000025a497e6820, 0x0000025a497e68f8]
Event: 18.329 Thread 0x0000025a5c9c8a00 26873       1       org.jetbrains.kotlin.codegen.inline.ParameterInfo::setFieldEquivalent (6 bytes)
Event: 18.329 Thread 0x0000025a5c9c8a00 nmethod 26873 0x0000025a497e6990 code [0x0000025a497e6b20, 0x0000025a497e6c38]
Event: 18.330 Thread 0x0000025a5c9c8a00 26886       3       org.jetbrains.org.objectweb.asm.commons.InstructionAdapter::anew (15 bytes)
Event: 18.330 Thread 0x0000025a5c9c8a00 nmethod 26886 0x0000025a44cbe490 code [0x0000025a44cbe640, 0x0000025a44cbe8d8]
Event: 18.330 Thread 0x0000025a5c9c8a00 26887       2       org.jetbrains.kotlin.codegen.AsmUtil::pop (42 bytes)
Event: 18.330 Thread 0x0000025a5c9c8a00 nmethod 26887 0x0000025a444a1e10 code [0x0000025a444a1fe0, 0x0000025a444a21e8]
Event: 18.332 Thread 0x0000025a5c9c8a00 26888       2       org.jetbrains.kotlin.codegen.optimization.temporaryVals.TemporaryVariablesEliminationTransformer::isRewritableSafeCallPart (243 bytes)
Event: 18.333 Thread 0x0000025a5c9c8a00 nmethod 26888 0x0000025a44fc2210 code [0x0000025a44fc2560, 0x0000025a44fc33e8]
Event: 18.333 Thread 0x0000025a5c9c8a00 26889       2       org.jetbrains.kotlin.backend.jvm.codegen.ClassCodegen$$Lambda$1565/0x0000025a5e8ca4a0::<init> (10 bytes)
Event: 18.333 Thread 0x0000025a5c9c8a00 nmethod 26889 0x0000025a44e64510 code [0x0000025a44e646a0, 0x0000025a44e647f8]
Event: 18.333 Thread 0x0000025a5c9c8a00 26890       2       org.jetbrains.kotlin.backend.jvm.codegen.ClassCodegen::generateKotlinMetadataAnnotation (350 bytes)
Event: 18.334 Thread 0x0000025a5c9c8a00 nmethod 26890 0x0000025a45290710 code [0x0000025a45290a80, 0x0000025a45291a48]
Event: 18.334 Thread 0x0000025a5c9c8a00 26892       2       org.jetbrains.kotlin.metadata.ProtoBuf$ValueParameter$Builder::buildPartial (154 bytes)
Event: 18.334 Thread 0x0000025a5c9c8a00 nmethod 26892 0x0000025a4440da10 code [0x0000025a4440dbc0, 0x0000025a4440dfc8]
Event: 18.334 Thread 0x0000025a5c9c8a00 26891       2       org.jetbrains.kotlin.backend.jvm.JvmBackendExtension$Default::generateMetadataExtraFlags (17 bytes)
Event: 18.334 Thread 0x0000025a5c9c8a00 nmethod 26891 0x0000025a44faca90 code [0x0000025a44facc20, 0x0000025a44facd38]
Event: 18.338 Thread 0x0000025a5c9c8a00 26895       2       org.jetbrains.kotlin.backend.jvm.codegen.ClassCodegenKt::getFlags (64 bytes)
Event: 18.338 Thread 0x0000025a5c9c8a00 nmethod 26895 0x0000025a44e3d710 code [0x0000025a44e3d8c0, 0x0000025a44e3db28]

GC Heap History (20 events):
Event: 14.481 GC heap after
{Heap after GC invocations=39 (full 0):
 garbage-first heap   total 540672K, used 204414K [0x000000070ce00000, 0x0000000800000000)
  region size 2048K, 9 young (18432K), 9 survivors (18432K)
 Metaspace       used 81494K, committed 81920K, reserved 1179648K
  class space    used 8289K, committed 8512K, reserved 1048576K
}
Event: 14.506 GC heap before
{Heap before GC invocations=39 (full 0):
 garbage-first heap   total 540672K, used 212606K [0x000000070ce00000, 0x0000000800000000)
  region size 2048K, 13 young (26624K), 9 survivors (18432K)
 Metaspace       used 81504K, committed 81920K, reserved 1179648K
  class space    used 8289K, committed 8512K, reserved 1048576K
}
Event: 14.512 GC heap after
{Heap after GC invocations=40 (full 0):
 garbage-first heap   total 540672K, used 205525K [0x000000070ce00000, 0x0000000800000000)
  region size 2048K, 2 young (4096K), 2 survivors (4096K)
 Metaspace       used 81504K, committed 81920K, reserved 1179648K
  class space    used 8289K, committed 8512K, reserved 1048576K
}
Event: 15.572 GC heap before
{Heap before GC invocations=40 (full 0):
 garbage-first heap   total 540672K, used 418517K [0x000000070ce00000, 0x0000000800000000)
  region size 2048K, 106 young (217088K), 2 survivors (4096K)
 Metaspace       used 87412K, committed 87808K, reserved 1179648K
  class space    used 8782K, committed 8960K, reserved 1048576K
}
Event: 15.576 GC heap after
{Heap after GC invocations=41 (full 0):
 garbage-first heap   total 540672K, used 210073K [0x000000070ce00000, 0x0000000800000000)
  region size 2048K, 4 young (8192K), 4 survivors (8192K)
 Metaspace       used 87412K, committed 87808K, reserved 1179648K
  class space    used 8782K, committed 8960K, reserved 1048576K
}
Event: 16.433 GC heap before
{Heap before GC invocations=41 (full 0):
 garbage-first heap   total 540672K, used 429209K [0x000000070ce00000, 0x0000000800000000)
  region size 2048K, 111 young (227328K), 4 survivors (8192K)
 Metaspace       used 89340K, committed 89728K, reserved 1179648K
  class space    used 8831K, committed 9024K, reserved 1048576K
}
Event: 16.444 GC heap after
{Heap after GC invocations=42 (full 0):
 garbage-first heap   total 540672K, used 220684K [0x000000070ce00000, 0x0000000800000000)
  region size 2048K, 9 young (18432K), 9 survivors (18432K)
 Metaspace       used 89340K, committed 89728K, reserved 1179648K
  class space    used 8831K, committed 9024K, reserved 1048576K
}
Event: 16.864 GC heap before
{Heap before GC invocations=42 (full 0):
 garbage-first heap   total 540672K, used 435724K [0x000000070ce00000, 0x0000000800000000)
  region size 2048K, 114 young (233472K), 9 survivors (18432K)
 Metaspace       used 89727K, committed 90112K, reserved 1179648K
  class space    used 8848K, committed 9024K, reserved 1048576K
}
Event: 16.872 GC heap after
{Heap after GC invocations=43 (full 0):
 garbage-first heap   total 540672K, used 227396K [0x000000070ce00000, 0x0000000800000000)
  region size 2048K, 9 young (18432K), 9 survivors (18432K)
 Metaspace       used 89727K, committed 90112K, reserved 1179648K
  class space    used 8848K, committed 9024K, reserved 1048576K
}
Event: 17.302 GC heap before
{Heap before GC invocations=43 (full 0):
 garbage-first heap   total 540672K, used 440388K [0x000000070ce00000, 0x0000000800000000)
  region size 2048K, 113 young (231424K), 9 survivors (18432K)
 Metaspace       used 89943K, committed 90304K, reserved 1179648K
  class space    used 8850K, committed 9024K, reserved 1048576K
}
Event: 17.307 GC heap after
{Heap after GC invocations=44 (full 0):
 garbage-first heap   total 540672K, used 233739K [0x000000070ce00000, 0x0000000800000000)
  region size 2048K, 9 young (18432K), 9 survivors (18432K)
 Metaspace       used 89943K, committed 90304K, reserved 1179648K
  class space    used 8850K, committed 9024K, reserved 1048576K
}
Event: 17.509 GC heap before
{Heap before GC invocations=44 (full 0):
 garbage-first heap   total 540672K, used 442635K [0x000000070ce00000, 0x0000000800000000)
  region size 2048K, 111 young (227328K), 9 survivors (18432K)
 Metaspace       used 90040K, committed 90432K, reserved 1179648K
  class space    used 8850K, committed 9024K, reserved 1048576K
}
Event: 17.518 GC heap after
{Heap after GC invocations=45 (full 0):
 garbage-first heap   total 540672K, used 249159K [0x000000070ce00000, 0x0000000800000000)
  region size 2048K, 13 young (26624K), 13 survivors (26624K)
 Metaspace       used 90040K, committed 90432K, reserved 1179648K
  class space    used 8850K, committed 9024K, reserved 1048576K
}
Event: 17.758 GC heap before
{Heap before GC invocations=45 (full 0):
 garbage-first heap   total 540672K, used 441671K [0x000000070ce00000, 0x0000000800000000)
  region size 2048K, 107 young (219136K), 13 survivors (26624K)
 Metaspace       used 90125K, committed 90496K, reserved 1179648K
  class space    used 8850K, committed 9024K, reserved 1048576K
}
Event: 17.762 GC heap after
{Heap after GC invocations=46 (full 0):
 garbage-first heap   total 540672K, used 246436K [0x000000070ce00000, 0x0000000800000000)
  region size 2048K, 6 young (12288K), 6 survivors (12288K)
 Metaspace       used 90125K, committed 90496K, reserved 1179648K
  class space    used 8850K, committed 9024K, reserved 1048576K
}
Event: 17.932 GC heap before
{Heap before GC invocations=46 (full 0):
 garbage-first heap   total 540672K, used 443044K [0x000000070ce00000, 0x0000000800000000)
  region size 2048K, 102 young (208896K), 6 survivors (12288K)
 Metaspace       used 90141K, committed 90496K, reserved 1179648K
  class space    used 8850K, committed 9024K, reserved 1048576K
}
Event: 17.940 GC heap after
{Heap after GC invocations=47 (full 0):
 garbage-first heap   total 540672K, used 255855K [0x000000070ce00000, 0x0000000800000000)
  region size 2048K, 11 young (22528K), 11 survivors (22528K)
 Metaspace       used 90141K, committed 90496K, reserved 1179648K
  class space    used 8850K, committed 9024K, reserved 1048576K
}
Event: 18.177 GC heap before
{Heap before GC invocations=47 (full 0):
 garbage-first heap   total 540672K, used 440175K [0x000000070ce00000, 0x0000000800000000)
  region size 2048K, 101 young (206848K), 11 survivors (22528K)
 Metaspace       used 90176K, committed 90560K, reserved 1179648K
  class space    used 8850K, committed 9024K, reserved 1048576K
}
Event: 18.182 GC heap after
{Heap after GC invocations=48 (full 0):
 garbage-first heap   total 540672K, used 259395K [0x000000070ce00000, 0x0000000800000000)
  region size 2048K, 9 young (18432K), 9 survivors (18432K)
 Metaspace       used 90176K, committed 90560K, reserved 1179648K
  class space    used 8850K, committed 9024K, reserved 1048576K
}
Event: 18.340 GC heap before
{Heap before GC invocations=48 (full 0):
 garbage-first heap   total 540672K, used 441667K [0x000000070ce00000, 0x0000000800000000)
  region size 2048K, 98 young (200704K), 9 survivors (18432K)
 Metaspace       used 90221K, committed 90560K, reserved 1179648K
  class space    used 8850K, committed 9024K, reserved 1048576K
}

Deoptimization events (20 events):
Event: 18.129 Thread 0x0000025a37fb5180 Uncommon trap: trap_request=0xffffffde fr.pc=0x0000025a4943a44c relative=0x00000000000008ec
Event: 18.129 Thread 0x0000025a37fb5180 Uncommon trap: reason=class_check action=maybe_recompile pc=0x0000025a4943a44c method=org.jetbrains.kotlin.storage.LockBasedStorageManager$MapBasedMemoizedFunction.invoke(Ljava/lang/Object;)Ljava/lang/Object; @ 34 c2
Event: 18.130 Thread 0x0000025a37fb5180 DEOPT PACKING pc=0x0000025a4943a44c sp=0x000000e950ffd1c0
Event: 18.130 Thread 0x0000025a37fb5180 DEOPT UNPACKING pc=0x0000025a48405ba3 sp=0x000000e950ffd170 mode 2
Event: 18.210 Thread 0x0000025a37fb5180 DEOPT PACKING pc=0x0000025a44cf43fe sp=0x000000e950ffb350
Event: 18.210 Thread 0x0000025a37fb5180 DEOPT UNPACKING pc=0x0000025a484066e3 sp=0x000000e950ffa938 mode 0
Event: 18.219 Thread 0x0000025a37fb5180 DEOPT PACKING pc=0x0000025a4440fc18 sp=0x000000e950ffb420
Event: 18.219 Thread 0x0000025a37fb5180 DEOPT UNPACKING pc=0x0000025a484066e3 sp=0x000000e950ffa960 mode 0
Event: 18.244 Thread 0x0000025a37fb5180 DEOPT PACKING pc=0x0000025a4440fc18 sp=0x000000e950ff98f0
Event: 18.244 Thread 0x0000025a37fb5180 DEOPT UNPACKING pc=0x0000025a484066e3 sp=0x000000e950ff8e30 mode 0
Event: 18.247 Thread 0x0000025a37fb5180 DEOPT PACKING pc=0x0000025a45093fb3 sp=0x000000e950ffd550
Event: 18.247 Thread 0x0000025a37fb5180 DEOPT UNPACKING pc=0x0000025a484066e3 sp=0x000000e950ffcac8 mode 0
Event: 18.256 Thread 0x0000025a37fb5180 Uncommon trap: trap_request=0xffffffde fr.pc=0x0000025a4943a44c relative=0x00000000000008ec
Event: 18.256 Thread 0x0000025a37fb5180 Uncommon trap: reason=class_check action=maybe_recompile pc=0x0000025a4943a44c method=org.jetbrains.kotlin.storage.LockBasedStorageManager$MapBasedMemoizedFunction.invoke(Ljava/lang/Object;)Ljava/lang/Object; @ 34 c2
Event: 18.256 Thread 0x0000025a37fb5180 DEOPT PACKING pc=0x0000025a4943a44c sp=0x000000e950ffd1c0
Event: 18.256 Thread 0x0000025a37fb5180 DEOPT UNPACKING pc=0x0000025a48405ba3 sp=0x000000e950ffd170 mode 2
Event: 18.313 Thread 0x0000025a37fb5180 DEOPT PACKING pc=0x0000025a44e9aeee sp=0x000000e950ffb4c0
Event: 18.313 Thread 0x0000025a37fb5180 DEOPT UNPACKING pc=0x0000025a484066e3 sp=0x000000e950ffa9d8 mode 0
Event: 18.324 Thread 0x0000025a37fb5180 DEOPT PACKING pc=0x0000025a4527874d sp=0x000000e950ff9680
Event: 18.324 Thread 0x0000025a37fb5180 DEOPT UNPACKING pc=0x0000025a484066e3 sp=0x000000e950ff8be0 mode 0

Classes unloaded (0 events):
No events

Classes redefined (0 events):
No events

Internal exceptions (20 events):
Event: 14.096 Thread 0x0000025a37fb5180 Implicit null exception at 0x0000025a4942a7e3 to 0x0000025a4942b2b8
Event: 14.111 Thread 0x0000025a37fb5180 Implicit null exception at 0x0000025a49422041 to 0x0000025a49422fa8
Event: 15.106 Thread 0x0000025a37fb5180 Implicit null exception at 0x0000025a4952d94f to 0x0000025a4952d9bc
Event: 15.263 Thread 0x0000025a37fb5180 Exception <a 'java/lang/NoSuchMethodError'{0x0000000721cb4718}: 'java.lang.Object java.lang.invoke.DirectMethodHandle$Holder.invokeStatic(java.lang.Object, int, int)'> (0x0000000721cb4718) 
thrown [s\open\src\hotspot\share\interpreter\linkResolver.cpp, line 759]
Event: 15.318 Thread 0x0000025a37fb5180 Exception <a 'java/lang/NoSuchMethodError'{0x0000000721853d48}: 'java.lang.Object java.lang.invoke.DirectMethodHandle$Holder.newInvokeSpecial(java.lang.Object, int, int, java.lang.Object)'> (0x0000000721853d48) 
thrown [s\open\src\hotspot\share\interpreter\linkResolver.cpp, line 759]
Event: 15.318 Thread 0x0000025a37fb5180 Exception <a 'java/lang/NoSuchMethodError'{0x000000072185b7a0}: 'java.lang.Object java.lang.invoke.Invokers$Holder.linkToTargetMethod(int, int, java.lang.Object, java.lang.Object)'> (0x000000072185b7a0) 
thrown [s\open\src\hotspot\share\interpreter\linkResolver.cpp, line 759]
Event: 15.319 Thread 0x0000025a37fb5180 Exception <a 'java/lang/NoSuchMethodError'{0x0000000721865f00}: 'java.lang.Object java.lang.invoke.DirectMethodHandle$Holder.invokeStatic(java.lang.Object, java.lang.Object, int, int, java.lang.Object)'> (0x0000000721865f00) 
thrown [s\open\src\hotspot\share\interpreter\linkResolver.cpp, line 759]
Event: 15.319 Thread 0x0000025a37fb5180 Exception <a 'java/lang/NoSuchMethodError'{0x000000072186d650}: 'java.lang.Object java.lang.invoke.DirectMethodHandle$Holder.newInvokeSpecial(java.lang.Object, java.lang.Object, int, int)'> (0x000000072186d650) 
thrown [s\open\src\hotspot\share\interpreter\linkResolver.cpp, line 759]
Event: 15.319 Thread 0x0000025a37fb5180 Exception <a 'java/lang/NoSuchMethodError'{0x0000000721871c50}: 'java.lang.Object java.lang.invoke.DirectMethodHandle$Holder.invokeSpecial(java.lang.Object, java.lang.Object, java.lang.Object, int, int)'> (0x0000000721871c50) 
thrown [s\open\src\hotspot\share\interpreter\linkResolver.cpp, line 759]
Event: 15.319 Thread 0x0000025a37fb5180 Exception <a 'java/lang/NoSuchMethodError'{0x0000000721875a80}: 'java.lang.Object java.lang.invoke.Invokers$Holder.linkToTargetMethod(java.lang.Object, int, int, java.lang.Object)'> (0x0000000721875a80) 
thrown [s\open\src\hotspot\share\interpreter\linkResolver.cpp, line 759]
Event: 15.352 Thread 0x0000025a37fb5180 Exception <a 'java/lang/NoSuchMethodError'{0x00000007216a55d8}: 'java.lang.Object java.lang.invoke.DirectMethodHandle$Holder.newInvokeSpecial(java.lang.Object, java.lang.Object, java.lang.Object, java.lang.Object, int, java.lang.Object)'> (0x00000007216a55d8) 
thrown [s\open\src\hotspot\share\interpreter\linkResolver.cpp, line 759]
Event: 15.353 Thread 0x0000025a37fb5180 Exception <a 'java/lang/NoSuchMethodError'{0x00000007216a9e50}: 'java.lang.Object java.lang.invoke.DirectMethodHandle$Holder.invokeSpecial(java.lang.Object, java.lang.Object, java.lang.Object, java.lang.Object, java.lang.Object, int, java.lang.Object)'> (0x00000007216a9e50) 
thrown [s\open\src\hotspot\share\interpreter\linkResolver.cpp, line 759]
Event: 15.353 Thread 0x0000025a37fb5180 Exception <a 'java/lang/NoSuchMethodError'{0x00000007216adf30}: 'java.lang.Object java.lang.invoke.Invokers$Holder.linkToTargetMethod(java.lang.Object, java.lang.Object, java.lang.Object, int, java.lang.Object, java.lang.Object)'> (0x00000007216adf30) 
thrown [s\open\src\hotspot\share\interpreter\linkResolver.cpp, line 759]
Event: 15.358 Thread 0x0000025a37fb5180 Exception <a 'java/lang/NoSuchMethodError'{0x00000007216ed3c0}: 'java.lang.Object java.lang.invoke.DirectMethodHandle$Holder.invokeStatic(java.lang.Object, java.lang.Object, int, int)'> (0x00000007216ed3c0) 
thrown [s\open\src\hotspot\share\interpreter\linkResolver.cpp, line 759]
Event: 15.399 Thread 0x0000025a37fb5180 Exception <a 'java/lang/NoSuchMethodError'{0x00000007215983a8}: 'java.lang.Object java.lang.invoke.DirectMethodHandle$Holder.newInvokeSpecial(java.lang.Object, java.lang.Object, java.lang.Object, java.lang.Object, java.lang.Object, int, java.lang.Object)'> (0x00000007215983a8) 
thrown [s\open\src\hotspot\share\interpreter\linkResolver.cpp, line 759]
Event: 15.399 Thread 0x0000025a37fb5180 Exception <a 'java/lang/NoSuchMethodError'{0x000000072159d550}: 'java.lang.Object java.lang.invoke.DirectMethodHandle$Holder.invokeSpecial(java.lang.Object, java.lang.Object, java.lang.Object, java.lang.Object, java.lang.Object, java.lang.Object, int, java.lang.Object)'> (0x000000072159d550) 
thrown [s\open\src\hotspot\share\interpreter\linkResolver.cpp, line 759]
Event: 15.399 Thread 0x0000025a37fb5180 Exception <a 'java/lang/NoSuchMethodError'{0x00000007215a1c90}: 'java.lang.Object java.lang.invoke.Invokers$Holder.linkToTargetMethod(java.lang.Object, java.lang.Object, java.lang.Object, java.lang.Object, int, java.lang.Object, java.lang.Object)'> (0x00000007215a1c90) 
thrown [s\open\src\hotspot\share\interpreter\linkResolver.cpp, line 759]
Event: 15.744 Thread 0x0000025a37fb5180 Exception <a 'java/lang/NoSuchMethodError'{0x000000072c8cc3e0}: 'int java.lang.invoke.DirectMethodHandle$Holder.invokeStatic(java.lang.Object, java.lang.Object, int)'> (0x000000072c8cc3e0) 
thrown [s\open\src\hotspot\share\interpreter\linkResolver.cpp, line 759]
Event: 16.065 Thread 0x0000025a37fb5180 Exception <a 'java/lang/NoSuchMethodError'{0x000000072a15d6e0}: 'java.lang.Object java.lang.invoke.DirectMethodHandle$Holder.invokeStatic(java.lang.Object, java.lang.Object, java.lang.Object, java.lang.Object, java.lang.Object, int)'> (0x000000072a15d6e0) 
thrown [s\open\src\hotspot\share\interpreter\linkResolver.cpp, line 759]
Event: 16.576 Thread 0x0000025a37fb5180 Implicit null exception at 0x0000025a495c5482 to 0x0000025a495c9768

VM Operations (20 events):
Event: 17.123 Executing VM operation: HandshakeAllThreads done
Event: 17.297 Executing VM operation: ICBufferFull
Event: 17.297 Executing VM operation: ICBufferFull done
Event: 17.302 Executing VM operation: G1CollectForAllocation
Event: 17.307 Executing VM operation: G1CollectForAllocation done
Event: 17.509 Executing VM operation: G1CollectForAllocation
Event: 17.518 Executing VM operation: G1CollectForAllocation done
Event: 17.757 Executing VM operation: HandshakeAllThreads
Event: 17.757 Executing VM operation: HandshakeAllThreads done
Event: 17.758 Executing VM operation: G1CollectForAllocation
Event: 17.762 Executing VM operation: G1CollectForAllocation done
Event: 17.863 Executing VM operation: HandshakeAllThreads
Event: 17.863 Executing VM operation: HandshakeAllThreads done
Event: 17.932 Executing VM operation: G1CollectForAllocation
Event: 17.940 Executing VM operation: G1CollectForAllocation done
Event: 18.120 Executing VM operation: HandshakeAllThreads
Event: 18.120 Executing VM operation: HandshakeAllThreads done
Event: 18.177 Executing VM operation: G1CollectForAllocation
Event: 18.182 Executing VM operation: G1CollectForAllocation done
Event: 18.340 Executing VM operation: G1CollectForAllocation

Events (20 events):
Event: 18.155 Thread 0x0000025a5c9cdb40 flushing nmethod 0x0000025a4527a690
Event: 18.155 Thread 0x0000025a5c9cdb40 flushing nmethod 0x0000025a4527b410
Event: 18.155 Thread 0x0000025a5c9cdb40 flushing nmethod 0x0000025a4527c890
Event: 18.155 Thread 0x0000025a5c9cdb40 flushing nmethod 0x0000025a4527d890
Event: 18.155 Thread 0x0000025a5c9cdb40 flushing nmethod 0x0000025a45280010
Event: 18.155 Thread 0x0000025a5c9cdb40 flushing nmethod 0x0000025a45280610
Event: 18.155 Thread 0x0000025a5c9cdb40 flushing nmethod 0x0000025a45290710
Event: 18.155 Thread 0x0000025a5c9cdb40 flushing nmethod 0x0000025a45291b10
Event: 18.155 Thread 0x0000025a5c9cdb40 flushing nmethod 0x0000025a45291e90
Event: 18.155 Thread 0x0000025a5c9cdb40 flushing nmethod 0x0000025a45293490
Event: 18.155 Thread 0x0000025a5c9cdb40 flushing nmethod 0x0000025a452a9610
Event: 18.155 Thread 0x0000025a5c9cdb40 flushing nmethod 0x0000025a452bba90
Event: 18.156 Thread 0x0000025a5c9cdb40 flushing nmethod 0x0000025a45354f90
Event: 18.156 Thread 0x0000025a5c9cdb40 flushing nmethod 0x0000025a45357990
Event: 18.156 Thread 0x0000025a5c9cdb40 flushing nmethod 0x0000025a4536ea90
Event: 18.156 Thread 0x0000025a5c9cdb40 flushing nmethod 0x0000025a4538f490
Event: 18.156 Thread 0x0000025a5c9cdb40 flushing nmethod 0x0000025a45393490
Event: 18.156 Thread 0x0000025a5c9cdb40 flushing nmethod 0x0000025a454da410
Event: 18.156 Thread 0x0000025a5c9cdb40 flushing nmethod 0x0000025a454db890
Event: 18.156 Thread 0x0000025a5c9cdb40 flushing nmethod 0x0000025a454dbf10


Dynamic libraries:
0x00007ff70f1d0000 - 0x00007ff70f1e0000 	C:\Program Files\Java\jdk-17\bin\java.exe
0x00007ffe15d20000 - 0x00007ffe15f87000 	C:\WINDOWS\SYSTEM32\ntdll.dll
0x00007ffe14550000 - 0x00007ffe14619000 	C:\WINDOWS\System32\KERNEL32.DLL
0x00007ffe13310000 - 0x00007ffe13701000 	C:\WINDOWS\System32\KERNELBASE.dll
0x00007ffe126b0000 - 0x00007ffe127fb000 	C:\WINDOWS\System32\ucrtbase.dll
0x00007ffe086d0000 - 0x00007ffe086eb000 	C:\Program Files\Java\jdk-17\bin\VCRUNTIME140.dll
0x00007ffdf6e30000 - 0x00007ffdf6e49000 	C:\Program Files\Java\jdk-17\bin\jli.dll
0x00007ffe15bf0000 - 0x00007ffe15cab000 	C:\WINDOWS\System32\ADVAPI32.dll
0x00007ffe15680000 - 0x00007ffe15729000 	C:\WINDOWS\System32\msvcrt.dll
0x00007ffe13ca0000 - 0x00007ffe13d47000 	C:\WINDOWS\System32\sechost.dll
0x00007ffe14180000 - 0x00007ffe14298000 	C:\WINDOWS\System32\RPCRT4.dll
0x00007ffe146d0000 - 0x00007ffe14895000 	C:\WINDOWS\System32\USER32.dll
0x00007ffe137c0000 - 0x00007ffe137e7000 	C:\WINDOWS\System32\win32u.dll
0x00007ffdf7430000 - 0x00007ffdf76c3000 	C:\WINDOWS\WinSxS\amd64_microsoft.windows.common-controls_6595b64144ccf1df_6.0.26100.8037_none_3e092faae333b53b\COMCTL32.dll
0x00007ffe15cb0000 - 0x00007ffe15cdb000 	C:\WINDOWS\System32\GDI32.dll
0x00007ffe12800000 - 0x00007ffe1292b000 	C:\WINDOWS\System32\gdi32full.dll
0x00007ffe12600000 - 0x00007ffe126a3000 	C:\WINDOWS\System32\msvcp_win.dll
0x00007ffe0bca0000 - 0x00007ffe0bcab000 	C:\WINDOWS\SYSTEM32\VERSION.dll
0x00007ffe15730000 - 0x00007ffe15761000 	C:\WINDOWS\System32\IMM32.DLL
0x00007ffe086c0000 - 0x00007ffe086cc000 	C:\Program Files\Java\jdk-17\bin\vcruntime140_1.dll
0x00007ffdf6da0000 - 0x00007ffdf6e2e000 	C:\Program Files\Java\jdk-17\bin\msvcp140.dll
0x00007ffdf1320000 - 0x00007ffdf1f00000 	C:\Program Files\Java\jdk-17\bin\server\jvm.dll
0x00007ffe14170000 - 0x00007ffe14178000 	C:\WINDOWS\System32\PSAPI.DLL
0x00007ffe08650000 - 0x00007ffe0865a000 	C:\WINDOWS\SYSTEM32\WSOCK32.dll
0x00007ffe04000000 - 0x00007ffe04035000 	C:\WINDOWS\SYSTEM32\WINMM.dll
0x00007ffe13c20000 - 0x00007ffe13c94000 	C:\WINDOWS\System32\WS2_32.dll
0x00007ffe11490000 - 0x00007ffe114ab000 	C:\WINDOWS\SYSTEM32\kernel.appcore.dll
0x00007ffdf6d90000 - 0x00007ffdf6d9a000 	C:\Program Files\Java\jdk-17\bin\jimage.dll
0x00007ffe10070000 - 0x00007ffe102b2000 	C:\WINDOWS\SYSTEM32\DBGHELP.DLL
0x00007ffe13d50000 - 0x00007ffe140d2000 	C:\WINDOWS\System32\combase.dll
0x00007ffe14d30000 - 0x00007ffe14e07000 	C:\WINDOWS\System32\OLEAUT32.dll
0x00007ffdf12e0000 - 0x00007ffdf131b000 	C:\WINDOWS\SYSTEM32\dbgcore.DLL
0x00007ffe13710000 - 0x00007ffe137b5000 	C:\WINDOWS\System32\bcryptPrimitives.dll
0x00007ffdf6d60000 - 0x00007ffdf6d85000 	C:\Program Files\Java\jdk-17\bin\java.dll
0x00007ffdf1200000 - 0x00007ffdf12d7000 	C:\Program Files\Java\jdk-17\bin\jsvml.dll
0x00007ffe14e10000 - 0x00007ffe1556f000 	C:\WINDOWS\System32\SHELL32.dll
0x00007ffe12930000 - 0x00007ffe12a9a000 	C:\WINDOWS\System32\wintypes.dll
0x00007ffe12aa0000 - 0x00007ffe13304000 	C:\WINDOWS\System32\windows.storage.dll
0x00007ffe15770000 - 0x00007ffe15867000 	C:\WINDOWS\System32\SHCORE.dll
0x00007ffe159a0000 - 0x00007ffe15a07000 	C:\WINDOWS\System32\shlwapi.dll
0x00007ffe12520000 - 0x00007ffe12549000 	C:\WINDOWS\SYSTEM32\profapi.dll
0x00007ffdf6bc0000 - 0x00007ffdf6bd9000 	C:\Program Files\Java\jdk-17\bin\net.dll
0x00007ffe0ad60000 - 0x00007ffe0ae87000 	C:\WINDOWS\SYSTEM32\WINHTTP.dll
0x00007ffe11a20000 - 0x00007ffe11a8b000 	C:\WINDOWS\system32\mswsock.dll
0x00007ffdf11e0000 - 0x00007ffdf11f6000 	C:\Program Files\Java\jdk-17\bin\nio.dll
0x00007ffdf11c0000 - 0x00007ffdf11d8000 	C:\Program Files\Java\jdk-17\bin\zip.dll
0x00007ffdee580000 - 0x00007ffdee590000 	C:\Program Files\Java\jdk-17\bin\verify.dll

dbghelp: loaded successfully - version: 4.0.5 - missing functions: none
symbol engine: initialized successfully - sym options: 0x614 - pdb path: .;C:\Program Files\Java\jdk-17\bin;C:\WINDOWS\SYSTEM32;C:\WINDOWS\WinSxS\amd64_microsoft.windows.common-controls_6595b64144ccf1df_6.0.26100.8037_none_3e092faae333b53b;C:\Program Files\Java\jdk-17\bin\server

VM Arguments:
java_command: org.jetbrains.kotlin.cli.jvm.K2JVMCompiler @F:\T177\comp3074\capstone-frontend\app\build\20260403_14229516115681241155.compiler.options
java_class_path (initial): C:\Users\Chucha\.gradle\caches\modules-2\files-2.1\org.jetbrains.kotlin\kotlin-compiler-embeddable\2.1.10\ee3e5c806617c52ce167bdf96933efef9593853e\kotlin-compiler-embeddable-2.1.10.jar;C:\Users\Chucha\.gradle\caches\modules-2\files-2.1\org.jetbrains.kotlin\kotlin-stdlib\2.1.10\d3028429e7151d7a7c1a0d63a4f60eac86a87b91\kotlin-stdlib-2.1.10.jar;C:\Users\Chucha\.gradle\caches\modules-2\files-2.1\org.jetbrains.kotlin\kotlin-script-runtime\2.1.10\70000e6ef453308e55d42ea4ace5b8c32325ce75\kotlin-script-runtime-2.1.10.jar;C:\Users\Chucha\.gradle\caches\modules-2\files-2.1\org.jetbrains.kotlin\kotlin-reflect\1.6.10\1cbe9c92c12a94eea200d23c2bbaedaf3daf5132\kotlin-reflect-1.6.10.jar;C:\Users\Chucha\.gradle\caches\modules-2\files-2.1\org.jetbrains.kotlin\kotlin-daemon-embeddable\2.1.10\58b88d47cdc057f09a8ea603ece5fd1993c7cb64\kotlin-daemon-embeddable-2.1.10.jar;C:\Users\Chucha\.gradle\caches\modules-2\files-2.1\org.jetbrains.intellij.deps\trove4j\1.0.20200330\3afb14d5f9ceb459d724e907a21145e8ff394f02\trove4j-1.0.20200330.jar;C:\Users\Chucha\.gradle\caches\modules-2\files-2.1\org.jetbrains.kotlinx\kotlinx-coroutines-core-jvm\1.6.4\2c997cd1c0ef33f3e751d3831929aeff1390cb30\kotlinx-coroutines-core-jvm-1.6.4.jar;C:\Users\Chucha\.gradle\caches\modules-2\files-2.1\org.jetbrains\annotations\13.0\919f0dfe192fb4e063e7dacadee7f8bb9a2672a9\annotations-13.0.jar
Launcher Type: SUN_STANDARD

[Global flags]
     intx CICompilerCount                          = 4                                         {product} {ergonomic}
     uint ConcGCThreads                            = 3                                         {product} {ergonomic}
     uint G1ConcRefinementThreads                  = 10                                        {product} {ergonomic}
   size_t G1HeapRegionSize                         = 2097152                                   {product} {ergonomic}
    uintx GCDrainStackTargetSize                   = 64                                        {product} {ergonomic}
   size_t InitialHeapSize                          = 255852544                                 {product} {ergonomic}
   size_t MarkStackSize                            = 4194304                                   {product} {ergonomic}
   size_t MaxHeapSize                              = 4078960640                                {product} {ergonomic}
   size_t MaxNewSize                               = 2447376384                                {product} {ergonomic}
   size_t MinHeapDeltaBytes                        = 2097152                                   {product} {ergonomic}
   size_t MinHeapSize                              = 8388608                                   {product} {ergonomic}
    uintx NonNMethodCodeHeapSize                   = 5839372                                {pd product} {ergonomic}
    uintx NonProfiledCodeHeapSize                  = 122909434                              {pd product} {ergonomic}
    uintx ProfiledCodeHeapSize                     = 122909434                              {pd product} {ergonomic}
    uintx ReservedCodeCacheSize                    = 251658240                              {pd product} {ergonomic}
     bool SegmentedCodeCache                       = true                                      {product} {ergonomic}
   size_t SoftMaxHeapSize                          = 4078960640                             {manageable} {ergonomic}
     bool UseCompressedClassPointers               = true                           {product lp64_product} {ergonomic}
     bool UseCompressedOops                        = true                           {product lp64_product} {ergonomic}
     bool UseG1GC                                  = true                                      {product} {ergonomic}
     bool UseLargePagesIndividualAllocation        = false                                  {pd product} {ergonomic}

Logging:
Log output configuration:
 #0: stdout all=warning uptime,level,tags
 #1: stderr all=off uptime,level,tags

Environment Variables:
JAVA_HOME=C:\Program Files\Java\jdk-17
CLASSPATH=F:\T177\comp3074\capstone-frontend\\gradle\wrapper\gradle-wrapper.jar
PATH=C:\Program Files\Common Files\Oracle\Java\javapath;C:\Program Files (x86)\Common Files\Oracle\Java\javapath;C:\Program Files\Eclipse Adoptium\jdk-17.0.16.8-hotspot\bin;C:\WINDOWS\system32;C:\WINDOWS;C:\WINDOWS\System32\Wbem;C:\WINDOWS\System32\WindowsPowerShell\v1.0\;C:\WINDOWS\System32\OpenSSH\;F:\T177\Git\cmd;F:\T177\Node\;C:\Program Files\Java\jdk-17\bin;;C:\Program Files (x86)\NVIDIA Corporation\PhysX\Common;C:\Users\Chucha\AppData\Local\Programs\Python\Python314\Scripts\;C:\Users\Chucha\AppData\Local\Programs\Python\Python314\;F:\T177\Microsoft VS Code\bin;F:\T177\nmap;C:\Users\Chucha\AppData\Local\PowerToys\DSCModules\;C:\Users\Chucha\AppData\Roaming\npm;
USERNAME=Chucha
OS=Windows_NT
PROCESSOR_IDENTIFIER=AMD64 Family 25 Model 97 Stepping 2, AuthenticAMD



---------------  S Y S T E M  ---------------

OS:
 Windows 11 , 64 bit Build 26100 (10.0.26100.7920)
OS uptime: 0 days 23:06 hours
Hyper-V role detected

CPU: total 12 (initial active 12) (12 cores per cpu, 2 threads per core) family 25 model 97 stepping 2 microcode 0xa601203, cx8, cmov, fxsr, ht, mmx, 3dnowpref, sse, sse2, sse3, ssse3, sse4a, sse4.1, sse4.2, popcnt, lzcnt, tsc, tscinvbit, avx, avx2, aes, erms, clmul, bmi1, bmi2, adx, avx512f, avx512dq, avx512cd, avx512bw, avx512vl, sha, fma, vzeroupper, avx512_vpopcntdq, avx512_vpclmulqdq, avx512_vaes, avx512_vnni, clflush, clflushopt, avx512_vbmi2, avx512_vbmi, hv

Memory: 4k page, system-wide physical 15553M (1437M free)
TotalPageFile size 28623M (AvailPageFile size 358M)
current process WorkingSet (physical memory assigned to process): 874M, peak: 884M
current process commit charge ("private bytes"): 906M, peak: 1285M

vm_info: Java HotSpot(TM) 64-Bit Server VM (17.0.12+8-LTS-286) for windows-amd64 JRE (17.0.12+8-LTS-286), built on Jun  5 2024 06:46:59 by "mach5one" with MS VC++ 17.6 (VS2022)

END.
