#
# There is insufficient memory for the Java Runtime Environment to continue.
# Native memory allocation (mmap) failed to map 16777216 bytes for G1 virtual space
# Possible reasons:
#   The system is out of physical RAM or swap space
#   The process is running with CompressedOops enabled, and the Java Heap may be blocking the growth of the native heap
# Possible solutions:
#   Reduce memory load on the system
#   Increase physical memory or swap space
#   Check if swap backing store is full
#   Decrease Java heap size (-Xmx/-Xms)
#   Decrease number of Java threads
#   Decrease Java thread stack sizes (-Xss)
#   Set larger code cache with -XX:ReservedCodeCacheSize=
#   JVM is running with Zero Based Compressed Oops mode in which the Java heap is
#     placed in the first 32GB address space. The Java Heap base address is the
#     maximum limit for the native heap growth. Please use -XX:HeapBaseMinAddress
#     to set the Java Heap base and to place the Java Heap above 32GB virtual address.
# This output file may be truncated or incomplete.
#
#  Out of Memory Error (os_windows.cpp:3548), pid=46052, tid=44128
#
# JRE version: Java(TM) SE Runtime Environment (17.0.12+8) (build 17.0.12+8-LTS-286)
# Java VM: Java HotSpot(TM) 64-Bit Server VM (17.0.12+8-LTS-286, mixed mode, sharing, tiered, compressed oops, compressed class ptrs, g1 gc, windows-amd64)
# No core dump will be written. Minidumps are not enabled by default on client versions of Windows
#

---------------  S U M M A R Y ------------

Command Line: org.jetbrains.kotlin.cli.jvm.K2JVMCompiler @F:\T177\comp3074\capstone-frontend\app\build\20260403_1339359595107166955.compiler.options

Host: AMD Ryzen 5 7645HX with Radeon Graphics        , 12 cores, 15G,  Windows 11 , 64 bit Build 26100 (10.0.26100.7920)
Time: Fri Apr  3 13:37:43 2026 Eastern Daylight Time elapsed time: 11.646361 seconds (0d 0h 0m 11s)

---------------  T H R E A D  ---------------

Current thread (0x0000020922fe2590):  VMThread "VM Thread" [stack: 0x00000029f5400000,0x00000029f5500000] [id=44128]

Stack: [0x00000029f5400000,0x00000029f5500000]
Native frames: (J=compiled Java code, j=interpreted, Vv=VM code, C=native code)
V  [jvm.dll+0x67a04a]
V  [jvm.dll+0x7da4ed]
V  [jvm.dll+0x7dbe33]
V  [jvm.dll+0x7dc4a3]
V  [jvm.dll+0x24508f]
V  [jvm.dll+0x677089]
V  [jvm.dll+0x66bd32]
V  [jvm.dll+0x301fa6]
V  [jvm.dll+0x309546]
V  [jvm.dll+0x359d2e]
V  [jvm.dll+0x359f5f]
V  [jvm.dll+0x2d9078]
V  [jvm.dll+0x2dc0e6]
V  [jvm.dll+0x2e67eb]
V  [jvm.dll+0x31a870]
V  [jvm.dll+0x7e0d9b]
V  [jvm.dll+0x7e1ad4]
V  [jvm.dll+0x7e1fed]
V  [jvm.dll+0x7e23c4]
V  [jvm.dll+0x7e2490]
V  [jvm.dll+0x78abea]
V  [jvm.dll+0x678f35]
C  [ucrtbase.dll+0x37b0]
C  [KERNEL32.DLL+0x2e8d7]
C  [ntdll.dll+0x8c48c]

VM_Operation (0x00000029f50ff770): G1Concurrent, mode: safepoint, requested by thread 0x00000209008ab310


---------------  P R O C E S S  ---------------

Threads class SMR info:
_java_thread_list=0x000002096a6fd410, length=14, elements={
0x000002090082ebc0, 0x0000020922fe6f40, 0x0000020922fe7510, 0x0000020922ffdaa0,
0x0000020922ffdf80, 0x0000020922ffe550, 0x000002092300ab40, 0x0000020923017cd0,
0x00000209230192b0, 0x00000209230197d0, 0x00000209235077f0, 0x00000209235167b0,
0x000002092357aa40, 0x000002096a6513a0
}

Java Threads: ( => current thread )
  0x000002090082ebc0 JavaThread "main" [_thread_blocked, id=44524, stack(0x00000029f4e00000,0x00000029f4f00000)]
  0x0000020922fe6f40 JavaThread "Reference Handler" daemon [_thread_blocked, id=45252, stack(0x00000029f5500000,0x00000029f5600000)]
  0x0000020922fe7510 JavaThread "Finalizer" daemon [_thread_blocked, id=22160, stack(0x00000029f5600000,0x00000029f5700000)]
  0x0000020922ffdaa0 JavaThread "Signal Dispatcher" daemon [_thread_blocked, id=45452, stack(0x00000029f5700000,0x00000029f5800000)]
  0x0000020922ffdf80 JavaThread "Attach Listener" daemon [_thread_blocked, id=43232, stack(0x00000029f5800000,0x00000029f5900000)]
  0x0000020922ffe550 JavaThread "Service Thread" daemon [_thread_blocked, id=45304, stack(0x00000029f5900000,0x00000029f5a00000)]
  0x000002092300ab40 JavaThread "Monitor Deflation Thread" daemon [_thread_blocked, id=45532, stack(0x00000029f5a00000,0x00000029f5b00000)]
  0x0000020923017cd0 JavaThread "C2 CompilerThread0" daemon [_thread_blocked, id=45600, stack(0x00000029f5b00000,0x00000029f5c00000)]
  0x00000209230192b0 JavaThread "C1 CompilerThread0" daemon [_thread_blocked, id=45604, stack(0x00000029f5c00000,0x00000029f5d00000)]
  0x00000209230197d0 JavaThread "Sweeper thread" daemon [_thread_blocked, id=45496, stack(0x00000029f5d00000,0x00000029f5e00000)]
  0x00000209235077f0 JavaThread "Notification Thread" daemon [_thread_blocked, id=43420, stack(0x00000029f5e00000,0x00000029f5f00000)]
  0x00000209235167b0 JavaThread "Common-Cleaner" daemon [_thread_blocked, id=39728, stack(0x00000029f6000000,0x00000029f6100000)]
  0x000002092357aa40 JavaThread "C2 CompilerThread1" daemon [_thread_blocked, id=35868, stack(0x00000029f6100000,0x00000029f6200000)]
  0x000002096a6513a0 JavaThread "C2 CompilerThread2" daemon [_thread_blocked, id=41048, stack(0x00000029f6a00000,0x00000029f6b00000)]

Other Threads:
=>0x0000020922fe2590 VMThread "VM Thread" [stack: 0x00000029f5400000,0x00000029f5500000] [id=44128]
  0x0000020923510500 WatcherThread [stack: 0x00000029f5f00000,0x00000029f6000000] [id=44964]
  0x0000020900898030 GCTaskThread "GC Thread#0" [stack: 0x00000029f4f00000,0x00000029f5000000] [id=45264]
  0x0000020969286be0 GCTaskThread "GC Thread#1" [stack: 0x00000029f6200000,0x00000029f6300000] [id=44244]
  0x00000209692aa4f0 GCTaskThread "GC Thread#2" [stack: 0x00000029f6300000,0x00000029f6400000] [id=41540]
  0x00000209692aa7b0 GCTaskThread "GC Thread#3" [stack: 0x00000029f6400000,0x00000029f6500000] [id=41312]
  0x00000209692aaa70 GCTaskThread "GC Thread#4" [stack: 0x00000029f6500000,0x00000029f6600000] [id=32216]
  0x0000020969758020 GCTaskThread "GC Thread#5" [stack: 0x00000029f6600000,0x00000029f6700000] [id=34704]
  0x0000020969759700 GCTaskThread "GC Thread#6" [stack: 0x00000029f6700000,0x00000029f6800000] [id=45420]
  0x00000209697599c0 GCTaskThread "GC Thread#7" [stack: 0x00000029f6800000,0x00000029f6900000] [id=45444]
  0x00000209695d3430 GCTaskThread "GC Thread#8" [stack: 0x00000029f6900000,0x00000029f6a00000] [id=45424]
  0x0000020969a57b70 GCTaskThread "GC Thread#9" [stack: 0x00000029f6b00000,0x00000029f6c00000] [id=45400]
  0x00000209008ab310 ConcurrentGCThread "G1 Main Marker" [stack: 0x00000029f5000000,0x00000029f5100000] [id=45260]
  0x00000209008ad640 ConcurrentGCThread "G1 Conc#0" [stack: 0x00000029f5100000,0x00000029f5200000] [id=43572]
  0x0000020969a580f0 ConcurrentGCThread "G1 Conc#1" [stack: 0x00000029f6c00000,0x00000029f6d00000] [id=45440]
  0x0000020969a575f0 ConcurrentGCThread "G1 Conc#2" [stack: 0x00000029f6d00000,0x00000029f6e00000] [id=43276]
  0x00000209008fd330 ConcurrentGCThread "G1 Refine#0" [stack: 0x00000029f5200000,0x00000029f5300000] [id=42068]
  0x000002096afbce20 ConcurrentGCThread "G1 Refine#1" [stack: 0x00000029f6e00000,0x00000029f6f00000] [id=2292]
  0x000002097077cc80 ConcurrentGCThread "G1 Refine#2" [stack: 0x00000029f6f00000,0x00000029f7000000] [id=4128]
  0x000002097077cf70 ConcurrentGCThread "G1 Refine#3" [stack: 0x00000029f7000000,0x00000029f7100000] [id=19252]
  0x00000209008fd710 ConcurrentGCThread "G1 Service" [stack: 0x00000029f5300000,0x00000029f5400000] [id=43184]

Threads with active compile tasks:
C2 CompilerThread0    11665 14756       4       org.jetbrains.kotlin.ir.visitors.IrElementVisitorVoid$DefaultImpls::visitDeclaration (17 bytes)
C2 CompilerThread1    11665 15012       4       org.jetbrains.kotlin.backend.common.actualizer.SpecialFakeOverrideSymbolsResolver$collectOverrides$1::<init> (23 bytes)
C2 CompilerThread2    11665 15142       4       org.jetbrains.kotlin.backend.common.actualizer.SpecialFakeOverrideSymbolsResolver::processDeclaration (67 bytes)

VM state: at safepoint (normal execution)

VM Mutex/Monitor currently owned by a thread:  ([mutex/lock_event])
[0x000002090082a470] Threads_lock - owner thread: 0x0000020922fe2590
[0x000002090082be50] Heap_lock - owner thread: 0x00000209008ab310

Heap address: 0x000000070ce00000, size: 3890 MB, Compressed Oops mode: Zero based, Oop shift amount: 3

CDS archive(s) mapped at: [0x0000020924000000-0x0000020924bd0000-0x0000020924bd0000), size 12386304, SharedBaseAddress: 0x0000020924000000, ArchiveRelocationMode: 1.
Compressed class space mapped at: 0x0000020925000000-0x0000020965000000, reserved size: 1073741824
Narrow klass base: 0x0000020924000000, Narrow klass shift: 0, Narrow klass range: 0x100000000

GC Precious Log:
 CPUs: 12 total, 12 available
 Memory: 15553M
 Large Page Support: Disabled
 NUMA Support: Disabled
 Compressed Oops: Enabled (Zero based)
 Heap Region Size: 2M
 Heap Min Capacity: 8M
 Heap Initial Capacity: 244M
 Heap Max Capacity: 3890M
 Pre-touch: Disabled
 Parallel Workers: 10
 Concurrent Workers: 3
 Concurrent Refinement Workers: 10
 Periodic GC: Disabled

Heap:
 garbage-first heap   total 290816K, used 181137K [0x000000070ce00000, 0x0000000800000000)
  region size 2048K, 12 young (24576K), 6 survivors (12288K)
 Metaspace       used 67205K, committed 67456K, reserved 1114112K
  class space    used 7097K, committed 7232K, reserved 1048576K

Heap Regions: E=young(eden), S=young(survivor), O=old, HS=humongous(starts), HC=humongous(continues), CS=collection set, F=free, OA=open archive, CA=closed archive, TAMS=top-at-mark-start (previous, next)
|   0|0x000000070ce00000, 0x000000070d000000, 0x000000070d000000|100%|HS|  |TAMS 0x000000070d000000, 0x000000070ce00000| Complete 
|   1|0x000000070d000000, 0x000000070d200000, 0x000000070d200000|100%|HC|  |TAMS 0x000000070d200000, 0x000000070d000000| Complete 
|   2|0x000000070d200000, 0x000000070d400000, 0x000000070d400000|100%| O|  |TAMS 0x000000070d400000, 0x000000070d200000| Untracked 
|   3|0x000000070d400000, 0x000000070d600000, 0x000000070d600000|100%| O|  |TAMS 0x000000070d600000, 0x000000070d400000| Untracked 
|   4|0x000000070d600000, 0x000000070d800000, 0x000000070d800000|100%| O|  |TAMS 0x000000070d800000, 0x000000070d600000| Untracked 
|   5|0x000000070d800000, 0x000000070da00000, 0x000000070da00000|100%| O|  |TAMS 0x000000070da00000, 0x000000070d800000| Untracked 
|   6|0x000000070da00000, 0x000000070dc00000, 0x000000070dc00000|100%| O|  |TAMS 0x000000070dc00000, 0x000000070da00000| Untracked 
|   7|0x000000070dc00000, 0x000000070de00000, 0x000000070de00000|100%| O|  |TAMS 0x000000070de00000, 0x000000070dc00000| Untracked 
|   8|0x000000070de00000, 0x000000070e000000, 0x000000070e000000|100%| O|  |TAMS 0x000000070e000000, 0x000000070de00000| Untracked 
|   9|0x000000070e000000, 0x000000070e200000, 0x000000070e200000|100%| O|  |TAMS 0x000000070e200000, 0x000000070e000000| Untracked 
|  10|0x000000070e200000, 0x000000070e400000, 0x000000070e400000|100%| O|  |TAMS 0x000000070e400000, 0x000000070e200000| Untracked 
|  11|0x000000070e400000, 0x000000070e600000, 0x000000070e600000|100%| O|  |TAMS 0x000000070e600000, 0x000000070e400000| Untracked 
|  12|0x000000070e600000, 0x000000070e800000, 0x000000070e800000|100%| O|  |TAMS 0x000000070e800000, 0x000000070e600000| Untracked 
|  13|0x000000070e800000, 0x000000070ea00000, 0x000000070ea00000|100%| O|  |TAMS 0x000000070ea00000, 0x000000070e800000| Untracked 
|  14|0x000000070ea00000, 0x000000070ec00000, 0x000000070ec00000|100%| O|  |TAMS 0x000000070ec00000, 0x000000070ea00000| Untracked 
|  15|0x000000070ec00000, 0x000000070ee00000, 0x000000070ee00000|100%| O|  |TAMS 0x000000070ee00000, 0x000000070ec00000| Untracked 
|  16|0x000000070ee00000, 0x000000070f000000, 0x000000070f000000|100%| O|  |TAMS 0x000000070f000000, 0x000000070ee00000| Updating 
|  17|0x000000070f000000, 0x000000070f200000, 0x000000070f200000|100%| O|  |TAMS 0x000000070f200000, 0x000000070f000000| Untracked 
|  18|0x000000070f200000, 0x000000070f400000, 0x000000070f400000|100%| O|  |TAMS 0x000000070f400000, 0x000000070f200000| Updating 
|  19|0x000000070f400000, 0x000000070f600000, 0x000000070f600000|100%| O|  |TAMS 0x000000070f600000, 0x000000070f400000| Updating 
|  20|0x000000070f600000, 0x000000070f800000, 0x000000070f800000|100%| O|  |TAMS 0x000000070f800000, 0x000000070f600000| Untracked 
|  21|0x000000070f800000, 0x000000070fa00000, 0x000000070fa00000|100%| O|  |TAMS 0x000000070fa00000, 0x000000070f800000| Updating 
|  22|0x000000070fa00000, 0x000000070fc00000, 0x000000070fc00000|100%| O|  |TAMS 0x000000070fc00000, 0x000000070fa00000| Updating 
|  23|0x000000070fc00000, 0x000000070fe00000, 0x000000070fe00000|100%| O|  |TAMS 0x000000070fe00000, 0x000000070fc00000| Untracked 
|  24|0x000000070fe00000, 0x0000000710000000, 0x0000000710000000|100%| O|  |TAMS 0x0000000710000000, 0x000000070fe00000| Untracked 
|  25|0x0000000710000000, 0x0000000710200000, 0x0000000710200000|100%| O|  |TAMS 0x0000000710200000, 0x0000000710000000| Untracked 
|  26|0x0000000710200000, 0x0000000710400000, 0x0000000710400000|100%| O|  |TAMS 0x0000000710400000, 0x0000000710200000| Updating 
|  27|0x0000000710400000, 0x0000000710600000, 0x0000000710600000|100%| O|  |TAMS 0x0000000710600000, 0x0000000710400000| Untracked 
|  28|0x0000000710600000, 0x0000000710800000, 0x0000000710800000|100%| O|  |TAMS 0x0000000710800000, 0x0000000710600000| Untracked 
|  29|0x0000000710800000, 0x0000000710a00000, 0x0000000710a00000|100%| O|  |TAMS 0x0000000710a00000, 0x0000000710800000| Untracked 
|  30|0x0000000710a00000, 0x0000000710c00000, 0x0000000710c00000|100%| O|  |TAMS 0x0000000710c00000, 0x0000000710a00000| Updating 
|  31|0x0000000710c00000, 0x0000000710e00000, 0x0000000710e00000|100%| O|  |TAMS 0x0000000710e00000, 0x0000000710c00000| Untracked 
|  32|0x0000000710e00000, 0x0000000711000000, 0x0000000711000000|100%| O|  |TAMS 0x0000000711000000, 0x0000000710e00000| Untracked 
|  33|0x0000000711000000, 0x0000000711200000, 0x0000000711200000|100%| O|  |TAMS 0x0000000711200000, 0x0000000711000000| Untracked 
|  34|0x0000000711200000, 0x0000000711400000, 0x0000000711400000|100%| O|  |TAMS 0x0000000711400000, 0x0000000711200000| Untracked 
|  35|0x0000000711400000, 0x0000000711600000, 0x0000000711600000|100%| O|  |TAMS 0x0000000711600000, 0x0000000711400000| Untracked 
|  36|0x0000000711600000, 0x0000000711800000, 0x0000000711800000|100%| O|  |TAMS 0x0000000711800000, 0x0000000711600000| Untracked 
|  37|0x0000000711800000, 0x0000000711a00000, 0x0000000711a00000|100%| O|  |TAMS 0x0000000711a00000, 0x0000000711800000| Untracked 
|  38|0x0000000711a00000, 0x0000000711c00000, 0x0000000711c00000|100%| O|  |TAMS 0x0000000711c00000, 0x0000000711a00000| Updating 
|  39|0x0000000711c00000, 0x0000000711e00000, 0x0000000711e00000|100%| O|  |TAMS 0x0000000711e00000, 0x0000000711c00000| Untracked 
|  40|0x0000000711e00000, 0x0000000712000000, 0x0000000712000000|100%| O|  |TAMS 0x0000000712000000, 0x0000000711e00000| Untracked 
|  41|0x0000000712000000, 0x0000000712200000, 0x0000000712200000|100%| O|  |TAMS 0x0000000712200000, 0x0000000712000000| Untracked 
|  42|0x0000000712200000, 0x0000000712400000, 0x0000000712400000|100%| O|  |TAMS 0x0000000712400000, 0x0000000712200000| Untracked 
|  43|0x0000000712400000, 0x0000000712600000, 0x0000000712600000|100%| O|  |TAMS 0x0000000712600000, 0x0000000712400000| Untracked 
|  44|0x0000000712600000, 0x0000000712800000, 0x0000000712800000|100%| O|  |TAMS 0x0000000712800000, 0x0000000712600000| Untracked 
|  45|0x0000000712800000, 0x0000000712a00000, 0x0000000712a00000|100%| O|  |TAMS 0x0000000712a00000, 0x0000000712800000| Untracked 
|  46|0x0000000712a00000, 0x0000000712c00000, 0x0000000712c00000|100%| O|  |TAMS 0x0000000712c00000, 0x0000000712a00000| Untracked 
|  47|0x0000000712c00000, 0x0000000712e00000, 0x0000000712e00000|100%| O|  |TAMS 0x0000000712e00000, 0x0000000712c00000| Untracked 
|  48|0x0000000712e00000, 0x0000000713000000, 0x0000000713000000|100%| O|  |TAMS 0x0000000713000000, 0x0000000712e00000| Updating 
|  49|0x0000000713000000, 0x0000000713200000, 0x0000000713200000|100%| O|  |TAMS 0x0000000713200000, 0x0000000713000000| Untracked 
|  50|0x0000000713200000, 0x0000000713400000, 0x0000000713400000|100%| O|  |TAMS 0x0000000713400000, 0x0000000713200000| Updating 
|  51|0x0000000713400000, 0x0000000713600000, 0x0000000713600000|100%| O|  |TAMS 0x0000000713600000, 0x0000000713400000| Untracked 
|  52|0x0000000713600000, 0x0000000713800000, 0x0000000713800000|100%| O|  |TAMS 0x0000000713800000, 0x0000000713600000| Untracked 
|  53|0x0000000713800000, 0x0000000713a00000, 0x0000000713a00000|100%| O|  |TAMS 0x0000000713a00000, 0x0000000713800000| Untracked 
|  54|0x0000000713a00000, 0x0000000713c00000, 0x0000000713c00000|100%| O|  |TAMS 0x0000000713c00000, 0x0000000713a00000| Untracked 
|  55|0x0000000713c00000, 0x0000000713e00000, 0x0000000713e00000|100%| O|  |TAMS 0x0000000713e00000, 0x0000000713c00000| Untracked 
|  56|0x0000000713e00000, 0x0000000714000000, 0x0000000714000000|100%| O|  |TAMS 0x0000000714000000, 0x0000000713e00000| Untracked 
|  57|0x0000000714000000, 0x0000000714200000, 0x0000000714200000|100%| O|  |TAMS 0x0000000714200000, 0x0000000714000000| Untracked 
|  58|0x0000000714200000, 0x0000000714400000, 0x0000000714400000|100%| O|  |TAMS 0x0000000714400000, 0x0000000714200000| Untracked 
|  59|0x0000000714400000, 0x0000000714600000, 0x0000000714600000|100%| O|  |TAMS 0x0000000714600000, 0x0000000714400000| Untracked 
|  60|0x0000000714600000, 0x0000000714800000, 0x0000000714800000|100%| O|  |TAMS 0x0000000714800000, 0x0000000714600000| Untracked 
|  61|0x0000000714800000, 0x0000000714a00000, 0x0000000714a00000|100%| O|  |TAMS 0x0000000714a00000, 0x0000000714800000| Untracked 
|  62|0x0000000714a00000, 0x0000000714c00000, 0x0000000714c00000|100%| O|  |TAMS 0x0000000714c00000, 0x0000000714a00000| Untracked 
|  63|0x0000000714c00000, 0x0000000714e00000, 0x0000000714e00000|100%| O|  |TAMS 0x0000000714e00000, 0x0000000714c00000| Untracked 
|  64|0x0000000714e00000, 0x0000000715000000, 0x0000000715000000|100%| O|  |TAMS 0x0000000715000000, 0x0000000714e00000| Untracked 
|  65|0x0000000715000000, 0x0000000715200000, 0x0000000715200000|100%| O|  |TAMS 0x0000000715200000, 0x0000000715000000| Untracked 
|  66|0x0000000715200000, 0x0000000715400000, 0x0000000715400000|100%| O|  |TAMS 0x0000000715329800, 0x0000000715200000| Updating 
|  67|0x0000000715400000, 0x0000000715600000, 0x0000000715600000|100%| O|  |TAMS 0x0000000715400000, 0x0000000715400000| Untracked 
|  68|0x0000000715600000, 0x0000000715800000, 0x0000000715800000|100%| O|  |TAMS 0x0000000715600000, 0x0000000715600000| Untracked 
|  69|0x0000000715800000, 0x0000000715a00000, 0x0000000715a00000|100%| O|  |TAMS 0x0000000715800000, 0x0000000715800000| Untracked 
|  70|0x0000000715a00000, 0x0000000715c00000, 0x0000000715c00000|100%| O|  |TAMS 0x0000000715a00000, 0x0000000715a00000| Untracked 
|  71|0x0000000715c00000, 0x0000000715e00000, 0x0000000715e00000|100%| O|  |TAMS 0x0000000715c00000, 0x0000000715c00000| Untracked 
|  72|0x0000000715e00000, 0x0000000716000000, 0x0000000716000000|100%| O|  |TAMS 0x0000000715e00000, 0x0000000715e00000| Untracked 
|  73|0x0000000716000000, 0x0000000716200000, 0x0000000716200000|100%| O|  |TAMS 0x0000000716000000, 0x0000000716000000| Untracked 
|  74|0x0000000716200000, 0x0000000716400000, 0x0000000716400000|100%| O|  |TAMS 0x0000000716200000, 0x0000000716200000| Untracked 
|  75|0x0000000716400000, 0x0000000716600000, 0x0000000716600000|100%| O|  |TAMS 0x0000000716400000, 0x0000000716400000| Untracked 
|  76|0x0000000716600000, 0x00000007166e4400, 0x0000000716800000| 44%| O|  |TAMS 0x0000000716600000, 0x0000000716600000| Updating 
|  77|0x0000000716800000, 0x0000000716800000, 0x0000000716a00000|  0%| F|  |TAMS 0x0000000716800000, 0x0000000716800000| Untracked 
|  78|0x0000000716a00000, 0x0000000716a00000, 0x0000000716c00000|  0%| F|  |TAMS 0x0000000716a00000, 0x0000000716a00000| Untracked 
|  79|0x0000000716c00000, 0x0000000716c00000, 0x0000000716e00000|  0%| F|  |TAMS 0x0000000716c00000, 0x0000000716c00000| Untracked 
|  80|0x0000000716e00000, 0x0000000716e00000, 0x0000000717000000|  0%| F|  |TAMS 0x0000000716e00000, 0x0000000716e00000| Untracked 
|  81|0x0000000717000000, 0x0000000717000000, 0x0000000717200000|  0%| F|  |TAMS 0x0000000717000000, 0x0000000717000000| Untracked 
|  82|0x0000000717200000, 0x0000000717200000, 0x0000000717400000|  0%| F|  |TAMS 0x0000000717200000, 0x0000000717200000| Untracked 
|  83|0x0000000717400000, 0x0000000717400000, 0x0000000717600000|  0%| F|  |TAMS 0x0000000717400000, 0x0000000717400000| Untracked 
|  84|0x0000000717600000, 0x0000000717600000, 0x0000000717800000|  0%| F|  |TAMS 0x0000000717600000, 0x0000000717600000| Untracked 
|  85|0x0000000717800000, 0x0000000717800000, 0x0000000717a00000|  0%| F|  |TAMS 0x0000000717800000, 0x0000000717800000| Untracked 
|  86|0x0000000717a00000, 0x0000000717a00000, 0x0000000717c00000|  0%| F|  |TAMS 0x0000000717a00000, 0x0000000717a00000| Untracked 
|  87|0x0000000717c00000, 0x0000000717c00000, 0x0000000717e00000|  0%| F|  |TAMS 0x0000000717c00000, 0x0000000717c00000| Untracked 
|  88|0x0000000717e00000, 0x0000000717e00000, 0x0000000718000000|  0%| F|  |TAMS 0x0000000717e00000, 0x0000000717e00000| Untracked 
|  89|0x0000000718000000, 0x0000000718000000, 0x0000000718200000|  0%| F|  |TAMS 0x0000000718000000, 0x0000000718000000| Untracked 
|  90|0x0000000718200000, 0x0000000718200000, 0x0000000718400000|  0%| F|  |TAMS 0x0000000718200000, 0x0000000718200000| Untracked 
|  91|0x0000000718400000, 0x0000000718400000, 0x0000000718600000|  0%| F|  |TAMS 0x0000000718400000, 0x0000000718400000| Untracked 
|  92|0x0000000718600000, 0x0000000718600000, 0x0000000718800000|  0%| F|  |TAMS 0x0000000718600000, 0x0000000718600000| Untracked 
|  93|0x0000000718800000, 0x0000000718800000, 0x0000000718a00000|  0%| F|  |TAMS 0x0000000718800000, 0x0000000718800000| Untracked 
|  94|0x0000000718a00000, 0x0000000718a00000, 0x0000000718c00000|  0%| F|  |TAMS 0x0000000718a00000, 0x0000000718a00000| Untracked 
|  95|0x0000000718c00000, 0x0000000718c00000, 0x0000000718e00000|  0%| F|  |TAMS 0x0000000718c00000, 0x0000000718c00000| Untracked 
|  96|0x0000000718e00000, 0x0000000718e00000, 0x0000000719000000|  0%| F|  |TAMS 0x0000000718e00000, 0x0000000718e00000| Untracked 
|  97|0x0000000719000000, 0x0000000719000000, 0x0000000719200000|  0%| F|  |TAMS 0x0000000719000000, 0x0000000719000000| Untracked 
|  98|0x0000000719200000, 0x0000000719400000, 0x0000000719400000|100%| S|CS|TAMS 0x0000000719200000, 0x0000000719200000| Complete 
|  99|0x0000000719400000, 0x0000000719600000, 0x0000000719600000|100%| S|CS|TAMS 0x0000000719400000, 0x0000000719400000| Complete 
| 100|0x0000000719600000, 0x0000000719800000, 0x0000000719800000|100%| S|CS|TAMS 0x0000000719600000, 0x0000000719600000| Complete 
| 101|0x0000000719800000, 0x0000000719a00000, 0x0000000719a00000|100%| S|CS|TAMS 0x0000000719800000, 0x0000000719800000| Complete 
| 102|0x0000000719a00000, 0x0000000719c00000, 0x0000000719c00000|100%| S|CS|TAMS 0x0000000719a00000, 0x0000000719a00000| Complete 
| 103|0x0000000719c00000, 0x0000000719e00000, 0x0000000719e00000|100%| S|CS|TAMS 0x0000000719c00000, 0x0000000719c00000| Complete 
| 104|0x0000000719e00000, 0x0000000719e00000, 0x000000071a000000|  0%| F|  |TAMS 0x0000000719e00000, 0x0000000719e00000| Untracked 
| 105|0x000000071a000000, 0x000000071a000000, 0x000000071a200000|  0%| F|  |TAMS 0x000000071a000000, 0x000000071a000000| Untracked 
| 106|0x000000071a200000, 0x000000071a200000, 0x000000071a400000|  0%| F|  |TAMS 0x000000071a200000, 0x000000071a200000| Untracked 
| 107|0x000000071a400000, 0x000000071a400000, 0x000000071a600000|  0%| F|  |TAMS 0x000000071a400000, 0x000000071a400000| Untracked 
| 108|0x000000071a600000, 0x000000071a600000, 0x000000071a800000|  0%| F|  |TAMS 0x000000071a600000, 0x000000071a600000| Untracked 
| 109|0x000000071a800000, 0x000000071a800000, 0x000000071aa00000|  0%| F|  |TAMS 0x000000071a800000, 0x000000071a800000| Untracked 
| 110|0x000000071aa00000, 0x000000071aa00000, 0x000000071ac00000|  0%| F|  |TAMS 0x000000071aa00000, 0x000000071aa00000| Untracked 
| 111|0x000000071ac00000, 0x000000071ac00000, 0x000000071ae00000|  0%| F|  |TAMS 0x000000071ac00000, 0x000000071ac00000| Untracked 
| 112|0x000000071ae00000, 0x000000071ae00000, 0x000000071b000000|  0%| F|  |TAMS 0x000000071ae00000, 0x000000071ae00000| Untracked 
| 113|0x000000071b000000, 0x000000071b000000, 0x000000071b200000|  0%| F|  |TAMS 0x000000071b000000, 0x000000071b000000| Untracked 
| 114|0x000000071b200000, 0x000000071b200000, 0x000000071b400000|  0%| F|  |TAMS 0x000000071b200000, 0x000000071b200000| Untracked 
| 115|0x000000071b400000, 0x000000071b400000, 0x000000071b600000|  0%| F|  |TAMS 0x000000071b400000, 0x000000071b400000| Untracked 
| 116|0x000000071b600000, 0x000000071b600000, 0x000000071b800000|  0%| F|  |TAMS 0x000000071b600000, 0x000000071b600000| Untracked 
| 117|0x000000071b800000, 0x000000071b800000, 0x000000071ba00000|  0%| F|  |TAMS 0x000000071b800000, 0x000000071b800000| Untracked 
| 118|0x000000071ba00000, 0x000000071ba00000, 0x000000071bc00000|  0%| F|  |TAMS 0x000000071ba00000, 0x000000071ba00000| Untracked 
| 119|0x000000071bc00000, 0x000000071bc00000, 0x000000071be00000|  0%| F|  |TAMS 0x000000071bc00000, 0x000000071bc00000| Untracked 
| 120|0x000000071be00000, 0x000000071be00000, 0x000000071c000000|  0%| F|  |TAMS 0x000000071be00000, 0x000000071be00000| Untracked 
| 121|0x000000071c000000, 0x000000071c000000, 0x000000071c200000|  0%| F|  |TAMS 0x000000071c000000, 0x000000071c000000| Untracked 
| 122|0x000000071c200000, 0x000000071c200000, 0x000000071c400000|  0%| F|  |TAMS 0x000000071c200000, 0x000000071c200000| Untracked 
| 123|0x000000071c400000, 0x000000071c400000, 0x000000071c600000|  0%| F|  |TAMS 0x000000071c400000, 0x000000071c400000| Untracked 
| 124|0x000000071c600000, 0x000000071c600000, 0x000000071c800000|  0%| F|  |TAMS 0x000000071c600000, 0x000000071c600000| Untracked 
| 125|0x000000071c800000, 0x000000071c800000, 0x000000071ca00000|  0%| F|  |TAMS 0x000000071c800000, 0x000000071c800000| Untracked 
| 126|0x000000071ca00000, 0x000000071ca00000, 0x000000071cc00000|  0%| F|  |TAMS 0x000000071ca00000, 0x000000071ca00000| Untracked 
| 127|0x000000071cc00000, 0x000000071cc00000, 0x000000071ce00000|  0%| F|  |TAMS 0x000000071cc00000, 0x000000071cc00000| Untracked 
| 128|0x000000071ce00000, 0x000000071ce00000, 0x000000071d000000|  0%| F|  |TAMS 0x000000071ce00000, 0x000000071ce00000| Untracked 
| 129|0x000000071d000000, 0x000000071d000000, 0x000000071d200000|  0%| F|  |TAMS 0x000000071d000000, 0x000000071d000000| Untracked 
| 130|0x000000071d200000, 0x000000071d200000, 0x000000071d400000|  0%| F|  |TAMS 0x000000071d200000, 0x000000071d200000| Untracked 
| 131|0x000000071d400000, 0x000000071d400000, 0x000000071d600000|  0%| F|  |TAMS 0x000000071d400000, 0x000000071d400000| Untracked 
| 132|0x000000071d600000, 0x000000071d600000, 0x000000071d800000|  0%| F|  |TAMS 0x000000071d600000, 0x000000071d600000| Untracked 
| 133|0x000000071d800000, 0x000000071d800000, 0x000000071da00000|  0%| F|  |TAMS 0x000000071d800000, 0x000000071d800000| Untracked 
| 134|0x000000071da00000, 0x000000071da00000, 0x000000071dc00000|  0%| F|  |TAMS 0x000000071da00000, 0x000000071da00000| Untracked 
| 135|0x000000071dc00000, 0x000000071de00000, 0x000000071de00000|100%| E|  |TAMS 0x000000071dc00000, 0x000000071dc00000| Complete 
| 136|0x000000071de00000, 0x000000071e000000, 0x000000071e000000|100%| E|CS|TAMS 0x000000071de00000, 0x000000071de00000| Complete 
| 137|0x000000071e000000, 0x000000071e200000, 0x000000071e200000|100%| E|CS|TAMS 0x000000071e000000, 0x000000071e000000| Complete 
| 138|0x000000071e200000, 0x000000071e400000, 0x000000071e400000|100%| E|CS|TAMS 0x000000071e200000, 0x000000071e200000| Complete 
| 139|0x000000071e400000, 0x000000071e600000, 0x000000071e600000|100%| E|CS|TAMS 0x000000071e400000, 0x000000071e400000| Complete 
| 140|0x000000071e600000, 0x000000071e800000, 0x000000071e800000|100%| E|CS|TAMS 0x000000071e600000, 0x000000071e600000| Complete 
|1944|0x00000007ffe00000, 0x0000000800000000, 0x0000000800000000|100%| O|  |TAMS 0x0000000800000000, 0x00000007ffe00000| Untracked 

Card table byte_map: [0x0000020917df0000,0x0000020918590000] _byte_map_base: 0x0000020914589000

Marking Bits (Prev, Next): (CMBitMap*) 0x000002090089a5a0, (CMBitMap*) 0x000002090089a560
 Prev Bits: [0x000002091ca00000, 0x00000209206c8000)
 Next Bits: [0x0000020918d30000, 0x000002091c9f8000)

Polling page: 0x0000020900000000

Metaspace:

Usage:
  Non-class:     58.70 MB used.
      Class:      6.93 MB used.
       Both:     65.63 MB used.

Virtual space:
  Non-class space:       64.00 MB reserved,      58.81 MB ( 92%) committed,  1 nodes.
      Class space:        1.00 GB reserved,       7.06 MB ( <1%) committed,  1 nodes.
             Both:        1.06 GB reserved,      65.88 MB (  6%) committed. 

Chunk freelists:
   Non-Class:  4.06 MB
       Class:  8.94 MB
        Both:  13.00 MB

MaxMetaspaceSize: unlimited
CompressedClassSpaceSize: 1.00 GB
Initial GC threshold: 21.00 MB
Current GC threshold: 83.25 MB
CDS: on
MetaspaceReclaimPolicy: balanced
 - commit_granule_bytes: 65536.
 - commit_granule_words: 8192.
 - virtual_space_node_default_size: 8388608.
 - enlarge_chunks_in_place: 1.
 - new_chunks_are_fully_committed: 0.
 - uncommit_free_chunks: 1.
 - use_allocation_guard: 0.
 - handle_deallocations: 1.


Internal statistics:

num_allocs_failed_limit: 6.
num_arena_births: 312.
num_arena_deaths: 0.
num_vsnodes_births: 2.
num_vsnodes_deaths: 0.
num_space_committed: 1052.
num_space_uncommitted: 0.
num_chunks_returned_to_freelist: 6.
num_chunks_taken_from_freelist: 2637.
num_chunk_merges: 6.
num_chunk_splits: 2175.
num_chunks_enlarged: 1980.
num_inconsistent_stats: 0.

CodeHeap 'non-profiled nmethods': size=120000Kb used=8811Kb max_used=8829Kb free=111188Kb
 bounds [0x000002090fbc0000, 0x0000020910460000, 0x00000209170f0000]
CodeHeap 'profiled nmethods': size=120000Kb used=42552Kb max_used=42552Kb free=77447Kb
 bounds [0x00000209080f0000, 0x000002090aa80000, 0x000002090f620000]
CodeHeap 'non-nmethods': size=5760Kb used=1449Kb max_used=1534Kb free=4310Kb
 bounds [0x000002090f620000, 0x000002090f890000, 0x000002090fbc0000]
 total_blobs=13295 nmethods=12528 adapters=676
 compilation: enabled
              stopped_count=0, restarted_count=0
 full_count=0

Compilation events (20 events):
Event: 11.583 Thread 0x000002092357aa40 nmethod 15137 0x0000020910459e90 code [0x000002091045a000, 0x000002091045a158]
Event: 11.583 Thread 0x000002092357aa40 14913       4       org.jetbrains.kotlin.fir.lazy.Fir2IrLazySimpleFunction::getReturnType (19 bytes)
Event: 11.586 Thread 0x000002092357aa40 nmethod 14913 0x000002091045a210 code [0x000002091045a3a0, 0x000002091045a8b8]
Event: 11.586 Thread 0x000002092357aa40 14922       4       kotlin.collections.CollectionsKt___CollectionsKt::toMutableSet (48 bytes)
Event: 11.588 Thread 0x0000020923017cd0 nmethod 14867 0x000002091045ab10 code [0x000002091045ae00, 0x000002091045dc00]
Event: 11.589 Thread 0x0000020923017cd0 14701       4       org.jetbrains.kotlin.ir.declarations.impl.IrValueParameterImpl::<init> (130 bytes)
Event: 11.594 Thread 0x000002092357aa40 nmethod 14922 0x00000209103bd710 code [0x00000209103bd8c0, 0x00000209103bdcc8]
Event: 11.595 Thread 0x000002092357aa40 14878       4       org.jetbrains.kotlin.ir.expressions.impl.BuildersKt::IrConstructorCallImplWithShape$default (50 bytes)
Event: 11.602 Thread 0x000002092357aa40 nmethod 14878 0x00000209103bcd10 code [0x00000209103bcea0, 0x00000209103bd3f8]
Event: 11.603 Thread 0x000002092357aa40 15011       4       kotlin.sequences.SequenceBuilderIterator::next (82 bytes)
Event: 11.606 Thread 0x000002092357aa40 nmethod 15011 0x0000020910419d90 code [0x0000020910419f20, 0x000002091041a148]
Event: 11.606 Thread 0x000002092357aa40 15150       4       org.jetbrains.kotlin.ir.declarations.IrDeclarationOrigin$Companion::getFAKE_OVERRIDE (18 bytes)
Event: 11.606 Thread 0x0000020923017cd0 nmethod 14701 0x00000209103bbe90 code [0x00000209103bc020, 0x00000209103bca58]
Event: 11.607 Thread 0x0000020923017cd0 14756       4       org.jetbrains.kotlin.ir.visitors.IrElementVisitorVoid$DefaultImpls::visitDeclaration (17 bytes)
Event: 11.607 Thread 0x000002092357aa40 nmethod 15150 0x00000209103bba90 code [0x00000209103bbc00, 0x00000209103bbcb8]
Event: 11.607 Thread 0x000002092357aa40 15033       4       kotlin.coroutines.jvm.internal.BaseContinuationImpl::releaseIntercepted (1 bytes)
Event: 11.607 Thread 0x000002092357aa40 nmethod 15033 0x0000020910369a90 code [0x0000020910369c00, 0x0000020910369c78]
Event: 11.607 Thread 0x000002092357aa40 15014       4       kotlin.coroutines.jvm.internal.RestrictedContinuationImpl::<init> (62 bytes)
Event: 11.609 Thread 0x000002092357aa40 nmethod 15014 0x0000020910369710 code [0x0000020910369880, 0x00000209103699f8]
Event: 11.609 Thread 0x000002092357aa40 15012       4       org.jetbrains.kotlin.backend.common.actualizer.SpecialFakeOverrideSymbolsResolver$collectOverrides$1::<init> (23 bytes)

GC Heap History (20 events):
Event: 4.368 GC heap before
{Heap before GC invocations=20 (full 0):
 garbage-first heap   total 120832K, used 94157K [0x000000070ce00000, 0x0000000800000000)
  region size 2048K, 14 young (28672K), 2 survivors (4096K)
 Metaspace       used 50675K, committed 50944K, reserved 1114112K
  class space    used 6006K, committed 6144K, reserved 1048576K
}
Event: 4.380 GC heap after
{Heap after GC invocations=21 (full 0):
 garbage-first heap   total 241664K, used 76398K [0x000000070ce00000, 0x0000000800000000)
  region size 2048K, 2 young (4096K), 2 survivors (4096K)
 Metaspace       used 50675K, committed 50944K, reserved 1114112K
  class space    used 6006K, committed 6144K, reserved 1048576K
}
Event: 5.486 GC heap before
{Heap before GC invocations=22 (full 0):
 garbage-first heap   total 241664K, used 168558K [0x000000070ce00000, 0x0000000800000000)
  region size 2048K, 47 young (96256K), 2 survivors (4096K)
 Metaspace       used 52529K, committed 52864K, reserved 1114112K
  class space    used 6084K, committed 6272K, reserved 1048576K
}
Event: 5.501 GC heap after
{Heap after GC invocations=23 (full 0):
 garbage-first heap   total 241664K, used 93445K [0x000000070ce00000, 0x0000000800000000)
  region size 2048K, 6 young (12288K), 6 survivors (12288K)
 Metaspace       used 52529K, committed 52864K, reserved 1114112K
  class space    used 6084K, committed 6272K, reserved 1048576K
}
Event: 6.150 GC heap before
{Heap before GC invocations=23 (full 0):
 garbage-first heap   total 241664K, used 165125K [0x000000070ce00000, 0x0000000800000000)
  region size 2048K, 41 young (83968K), 6 survivors (12288K)
 Metaspace       used 53127K, committed 53440K, reserved 1114112K
  class space    used 6088K, committed 6272K, reserved 1048576K
}
Event: 6.162 GC heap after
{Heap after GC invocations=24 (full 0):
 garbage-first heap   total 241664K, used 101306K [0x000000070ce00000, 0x0000000800000000)
  region size 2048K, 4 young (8192K), 4 survivors (8192K)
 Metaspace       used 53127K, committed 53440K, reserved 1114112K
  class space    used 6088K, committed 6272K, reserved 1048576K
}
Event: 6.845 GC heap before
{Heap before GC invocations=24 (full 0):
 garbage-first heap   total 241664K, used 175034K [0x000000070ce00000, 0x0000000800000000)
  region size 2048K, 40 young (81920K), 4 survivors (8192K)
 Metaspace       used 53668K, committed 53952K, reserved 1114112K
  class space    used 6099K, committed 6272K, reserved 1048576K
}
Event: 6.853 GC heap after
{Heap after GC invocations=25 (full 0):
 garbage-first heap   total 241664K, used 106078K [0x000000070ce00000, 0x0000000800000000)
  region size 2048K, 3 young (6144K), 3 survivors (6144K)
 Metaspace       used 53668K, committed 53952K, reserved 1114112K
  class space    used 6099K, committed 6272K, reserved 1048576K
}
Event: 7.415 GC heap before
{Heap before GC invocations=25 (full 0):
 garbage-first heap   total 241664K, used 181854K [0x000000070ce00000, 0x0000000800000000)
  region size 2048K, 40 young (81920K), 3 survivors (6144K)
 Metaspace       used 53951K, committed 54272K, reserved 1114112K
  class space    used 6101K, committed 6272K, reserved 1048576K
}
Event: 7.421 GC heap after
{Heap after GC invocations=26 (full 0):
 garbage-first heap   total 241664K, used 109228K [0x000000070ce00000, 0x0000000800000000)
  region size 2048K, 4 young (8192K), 4 survivors (8192K)
 Metaspace       used 53951K, committed 54272K, reserved 1114112K
  class space    used 6101K, committed 6272K, reserved 1048576K
}
Event: 7.880 GC heap before
{Heap before GC invocations=26 (full 0):
 garbage-first heap   total 241664K, used 189100K [0x000000070ce00000, 0x0000000800000000)
  region size 2048K, 43 young (88064K), 4 survivors (8192K)
 Metaspace       used 54118K, committed 54464K, reserved 1114112K
  class space    used 6103K, committed 6272K, reserved 1048576K
}
Event: 7.888 GC heap after
{Heap after GC invocations=27 (full 0):
 garbage-first heap   total 290816K, used 113107K [0x000000070ce00000, 0x0000000800000000)
  region size 2048K, 4 young (8192K), 4 survivors (8192K)
 Metaspace       used 54118K, committed 54464K, reserved 1114112K
  class space    used 6103K, committed 6272K, reserved 1048576K
}
Event: 9.253 GC heap before
{Heap before GC invocations=27 (full 0):
 garbage-first heap   total 290816K, used 227795K [0x000000070ce00000, 0x0000000800000000)
  region size 2048K, 60 young (122880K), 4 survivors (8192K)
 Metaspace       used 58256K, committed 58496K, reserved 1114112K
  class space    used 6404K, committed 6528K, reserved 1048576K
}
Event: 9.262 GC heap after
{Heap after GC invocations=28 (full 0):
 garbage-first heap   total 290816K, used 123117K [0x000000070ce00000, 0x0000000800000000)
  region size 2048K, 8 young (16384K), 8 survivors (16384K)
 Metaspace       used 58256K, committed 58496K, reserved 1114112K
  class space    used 6404K, committed 6528K, reserved 1048576K
}
Event: 9.999 GC heap before
{Heap before GC invocations=28 (full 0):
 garbage-first heap   total 290816K, used 227565K [0x000000070ce00000, 0x0000000800000000)
  region size 2048K, 59 young (120832K), 8 survivors (16384K)
 Metaspace       used 58969K, committed 59264K, reserved 1114112K
  class space    used 6440K, committed 6592K, reserved 1048576K
}
Event: 10.018 GC heap after
{Heap after GC invocations=29 (full 0):
 garbage-first heap   total 290816K, used 137988K [0x000000070ce00000, 0x0000000800000000)
  region size 2048K, 8 young (16384K), 8 survivors (16384K)
 Metaspace       used 58969K, committed 59264K, reserved 1114112K
  class space    used 6440K, committed 6592K, reserved 1048576K
}
Event: 11.124 GC heap before
{Heap before GC invocations=29 (full 0):
 garbage-first heap   total 290816K, used 226052K [0x000000070ce00000, 0x0000000800000000)
  region size 2048K, 51 young (104448K), 8 survivors (16384K)
 Metaspace       used 66061K, committed 66304K, reserved 1114112K
  class space    used 7040K, committed 7168K, reserved 1048576K
}
Event: 11.142 GC heap after
{Heap after GC invocations=30 (full 0):
 garbage-first heap   total 290816K, used 152742K [0x000000070ce00000, 0x0000000800000000)
  region size 2048K, 7 young (14336K), 7 survivors (14336K)
 Metaspace       used 66061K, committed 66304K, reserved 1114112K
  class space    used 7040K, committed 7168K, reserved 1048576K
}
Event: 11.501 GC heap before
{Heap before GC invocations=30 (full 0):
 garbage-first heap   total 290816K, used 228518K [0x000000070ce00000, 0x0000000800000000)
  region size 2048K, 44 young (90112K), 7 survivors (14336K)
 Metaspace       used 66460K, committed 66752K, reserved 1114112K
  class space    used 7054K, committed 7232K, reserved 1048576K
}
Event: 11.520 GC heap after
{Heap after GC invocations=31 (full 0):
 garbage-first heap   total 290816K, used 170897K [0x000000070ce00000, 0x0000000800000000)
  region size 2048K, 6 young (12288K), 6 survivors (12288K)
 Metaspace       used 66460K, committed 66752K, reserved 1114112K
  class space    used 7054K, committed 7232K, reserved 1048576K
}

Deoptimization events (20 events):
Event: 11.531 Thread 0x000002090082ebc0 Uncommon trap: trap_request=0xffffffc6 fr.pc=0x000002090ffd4af4 relative=0x0000000000001974
Event: 11.531 Thread 0x000002090082ebc0 Uncommon trap: reason=bimorphic_or_optimized_type_check action=maybe_recompile pc=0x000002090ffd4af4 method=org.jetbrains.kotlin.backend.common.actualizer.SpecialFakeOverrideSymbolsResolver$collectOverrides$1.invokeSuspend(Ljava/lang/Object;)Ljava/lang/Ob
Event: 11.531 Thread 0x000002090082ebc0 DEOPT PACKING pc=0x000002090ffd4af4 sp=0x00000029f4efb240
Event: 11.531 Thread 0x000002090082ebc0 DEOPT UNPACKING pc=0x000002090f675ba3 sp=0x00000029f4efb200 mode 2
Event: 11.581 Thread 0x000002090082ebc0 Uncommon trap: trap_request=0xffffffc6 fr.pc=0x000002090ffcbc94 relative=0x0000000000000fd4
Event: 11.581 Thread 0x000002090082ebc0 Uncommon trap: reason=bimorphic_or_optimized_type_check action=maybe_recompile pc=0x000002090ffcbc94 method=org.jetbrains.kotlin.ir.declarations.IrValueParameter.accept(Lorg/jetbrains/kotlin/ir/visitors/IrElementVisitor;Ljava/lang/Object;)Ljava/lang/Objec
Event: 11.581 Thread 0x000002090082ebc0 DEOPT PACKING pc=0x000002090ffcbc94 sp=0x00000029f4efd330
Event: 11.581 Thread 0x000002090082ebc0 DEOPT UNPACKING pc=0x000002090f675ba3 sp=0x00000029f4efd258 mode 2
Event: 11.582 Thread 0x000002090082ebc0 Uncommon trap: trap_request=0xffffffc6 fr.pc=0x000002090ffcbc74 relative=0x0000000000000fb4
Event: 11.582 Thread 0x000002090082ebc0 Uncommon trap: reason=bimorphic_or_optimized_type_check action=maybe_recompile pc=0x000002090ffcbc74 method=org.jetbrains.kotlin.ir.declarations.IrValueParameter.accept(Lorg/jetbrains/kotlin/ir/visitors/IrElementVisitor;Ljava/lang/Object;)Ljava/lang/Objec
Event: 11.582 Thread 0x000002090082ebc0 DEOPT PACKING pc=0x000002090ffcbc74 sp=0x00000029f4ef9630
Event: 11.582 Thread 0x000002090082ebc0 DEOPT UNPACKING pc=0x000002090f675ba3 sp=0x00000029f4ef9558 mode 2
Event: 11.582 Thread 0x000002090082ebc0 Uncommon trap: trap_request=0xffffffc6 fr.pc=0x000002090ffcbc94 relative=0x0000000000000fd4
Event: 11.582 Thread 0x000002090082ebc0 Uncommon trap: reason=bimorphic_or_optimized_type_check action=maybe_recompile pc=0x000002090ffcbc94 method=org.jetbrains.kotlin.ir.declarations.IrValueParameter.accept(Lorg/jetbrains/kotlin/ir/visitors/IrElementVisitor;Ljava/lang/Object;)Ljava/lang/Objec
Event: 11.582 Thread 0x000002090082ebc0 DEOPT PACKING pc=0x000002090ffcbc94 sp=0x00000029f4ef8f50
Event: 11.582 Thread 0x000002090082ebc0 DEOPT UNPACKING pc=0x000002090f675ba3 sp=0x00000029f4ef8e78 mode 2
Event: 11.582 Thread 0x000002090082ebc0 Uncommon trap: trap_request=0xffffffc6 fr.pc=0x000002090ffcbc94 relative=0x0000000000000fd4
Event: 11.582 Thread 0x000002090082ebc0 Uncommon trap: reason=bimorphic_or_optimized_type_check action=maybe_recompile pc=0x000002090ffcbc94 method=org.jetbrains.kotlin.ir.declarations.IrValueParameter.accept(Lorg/jetbrains/kotlin/ir/visitors/IrElementVisitor;Ljava/lang/Object;)Ljava/lang/Objec
Event: 11.582 Thread 0x000002090082ebc0 DEOPT PACKING pc=0x000002090ffcbc94 sp=0x00000029f4ef8f50
Event: 11.582 Thread 0x000002090082ebc0 DEOPT UNPACKING pc=0x000002090f675ba3 sp=0x00000029f4ef8e78 mode 2

Classes unloaded (0 events):
No events

Classes redefined (0 events):
No events

Internal exceptions (20 events):
Event: 4.359 Thread 0x000002090082ebc0 Exception <a 'java/lang/NoSuchMethodError'{0x00000007127b6408}: 'java.lang.Object java.lang.invoke.DirectMethodHandle$Holder.invokeSpecial(java.lang.Object, java.lang.Object, java.lang.Object, java.lang.Object, java.lang.Object, java.lang.Object, int)'> (0x00000007127b6408) 
thrown [s\open\src\hotspot\share\interpreter\linkResolver.cpp, line 759]
Event: 4.359 Thread 0x000002090082ebc0 Exception <a 'java/lang/NoSuchMethodError'{0x00000007127bac98}: 'java.lang.Object java.lang.invoke.Invokers$Holder.linkToTargetMethod(java.lang.Object, java.lang.Object, java.lang.Object, java.lang.Object, int, java.lang.Object)'> (0x00000007127bac98) 
thrown [s\open\src\hotspot\share\interpreter\linkResolver.cpp, line 759]
Event: 4.390 Thread 0x000002090082ebc0 Exception <a 'java/lang/NoSuchMethodError'{0x000000071c046150}: 'java.lang.Object java.lang.invoke.DirectMethodHandle$Holder.newInvokeSpecial(java.lang.Object, int, java.lang.Object, java.lang.Object, java.lang.Object)'> (0x000000071c046150) 
thrown [s\open\src\hotspot\share\interpreter\linkResolver.cpp, line 759]
Event: 4.390 Thread 0x000002090082ebc0 Exception <a 'java/lang/NoSuchMethodError'{0x000000071c04df78}: 'java.lang.Object java.lang.invoke.Invokers$Holder.linkToTargetMethod(int, java.lang.Object, java.lang.Object, java.lang.Object, java.lang.Object)'> (0x000000071c04df78) 
thrown [s\open\src\hotspot\share\interpreter\linkResolver.cpp, line 759]
Event: 4.615 Thread 0x000002090082ebc0 Exception <a 'java/lang/NoSuchMethodError'{0x000000071a1b3e00}: 'java.lang.Object java.lang.invoke.DirectMethodHandle$Holder.invokeStatic(java.lang.Object, int, java.lang.Object)'> (0x000000071a1b3e00) 
thrown [s\open\src\hotspot\share\interpreter\linkResolver.cpp, line 759]
Event: 7.879 Thread 0x000002090082ebc0 Implicit null exception at 0x00000209100a2173 to 0x00000209100a4e90
Event: 8.363 Thread 0x000002090082ebc0 Implicit null exception at 0x000002090fdb76db to 0x000002090fdb7894
Event: 8.758 Thread 0x000002090082ebc0 Implicit null exception at 0x000002091027918d to 0x00000209102791b7
Event: 9.542 Thread 0x000002090082ebc0 Implicit null exception at 0x000002091011a9a8 to 0x000002091011e188
Event: 9.566 Thread 0x000002090082ebc0 Exception <a 'java/lang/NoSuchMethodError'{0x000000071ce393c0}: 'java.lang.Object java.lang.invoke.DirectMethodHandle$Holder.newInvokeSpecial(java.lang.Object, java.lang.Object, int, java.lang.Object, java.lang.Object, java.lang.Object)'> (0x000000071ce393c0) 
thrown [s\open\src\hotspot\share\interpreter\linkResolver.cpp, line 759]
Event: 9.566 Thread 0x000002090082ebc0 Exception <a 'java/lang/NoSuchMethodError'{0x000000071ce3d6e8}: 'java.lang.Object java.lang.invoke.DirectMethodHandle$Holder.invokeSpecial(java.lang.Object, java.lang.Object, java.lang.Object, int, java.lang.Object, java.lang.Object, java.lang.Object)'> (0x000000071ce3d6e8) 
thrown [s\open\src\hotspot\share\interpreter\linkResolver.cpp, line 759]
Event: 9.566 Thread 0x000002090082ebc0 Exception <a 'java/lang/NoSuchMethodError'{0x000000071ce40fc8}: 'java.lang.Object java.lang.invoke.Invokers$Holder.linkToTargetMethod(java.lang.Object, int, java.lang.Object, java.lang.Object, java.lang.Object, java.lang.Object)'> (0x000000071ce40fc8) 
thrown [s\open\src\hotspot\share\interpreter\linkResolver.cpp, line 759]
Event: 10.113 Thread 0x000002090082ebc0 Implicit null exception at 0x000002090fbf9974 to 0x000002090fbfa118
Event: 10.115 Thread 0x000002090082ebc0 Implicit null exception at 0x000002090fbef774 to 0x000002090fbefefc
Event: 10.152 Thread 0x000002090082ebc0 Exception <a 'java/lang/NoSuchMethodError'{0x000000071d8e36f8}: 'java.lang.Object java.lang.invoke.DirectMethodHandle$Holder.invokeStatic(java.lang.Object, java.lang.Object, int)'> (0x000000071d8e36f8) 
thrown [s\open\src\hotspot\share\interpreter\linkResolver.cpp, line 759]
Event: 10.339 Thread 0x000002090082ebc0 Exception <a 'java/lang/NoSuchMethodError'{0x000000071cc2b5a8}: 'java.lang.Object java.lang.invoke.DirectMethodHandle$Holder.newInvokeSpecial(java.lang.Object, java.lang.Object, java.lang.Object, java.lang.Object, java.lang.Object, java.lang.Object, java.lang.Object, java.lang.Object, int)'> (0x000000071cc2b5a8) 
thrown [s\open\src\hotspot\share\interpreter\linkResolver.cpp, line 759]
Event: 10.339 Thread 0x000002090082ebc0 Exception <a 'java/lang/NoSuchMethodError'{0x000000071cc31018}: 'java.lang.Object java.lang.invoke.DirectMethodHandle$Holder.invokeSpecial(java.lang.Object, java.lang.Object, java.lang.Object, java.lang.Object, java.lang.Object, java.lang.Object, java.lang.Object, java.lang.Object, java.lang.Object, int)'> (0x000000071cc31018) 
thrown [s\open\src\hotspot\share\interpreter\linkResolver.cpp, line 759]
Event: 10.413 Thread 0x000002090082ebc0 Implicit null exception at 0x0000020910213ebc to 0x0000020910213f26
Event: 10.442 Thread 0x000002090082ebc0 Exception <a 'java/lang/NoSuchMethodError'{0x000000071c89e7d8}: 'java.lang.Object java.lang.invoke.DirectMethodHandle$Holder.newInvokeSpecial(java.lang.Object, java.lang.Object, java.lang.Object, java.lang.Object, java.lang.Object, java.lang.Object, java.lang.Object, int)'> (0x000000071c89e7d8) 
thrown [s\open\src\hotspot\share\interpreter\linkResolver.cpp, line 759]
Event: 10.442 Thread 0x000002090082ebc0 Exception <a 'java/lang/NoSuchMethodError'{0x000000071c8a3898}: 'java.lang.Object java.lang.invoke.DirectMethodHandle$Holder.invokeSpecial(java.lang.Object, java.lang.Object, java.lang.Object, java.lang.Object, java.lang.Object, java.lang.Object, java.lang.Object, java.lang.Object, int)'> (0x000000071c8a3898) 
thrown [s\open\src\hotspot\share\interpreter\linkResolver.cpp, line 759]

VM Operations (20 events):
Event: 10.901 Executing VM operation: HandshakeAllThreads done
Event: 11.037 Executing VM operation: ICBufferFull
Event: 11.037 Executing VM operation: ICBufferFull done
Event: 11.124 Executing VM operation: G1CollectForAllocation
Event: 11.142 Executing VM operation: G1CollectForAllocation done
Event: 11.200 Executing VM operation: ICBufferFull
Event: 11.200 Executing VM operation: ICBufferFull done
Event: 11.276 Executing VM operation: ICBufferFull
Event: 11.276 Executing VM operation: ICBufferFull done
Event: 11.398 Executing VM operation: HandshakeAllThreads
Event: 11.398 Executing VM operation: HandshakeAllThreads done
Event: 11.400 Executing VM operation: HandshakeAllThreads
Event: 11.400 Executing VM operation: HandshakeAllThreads done
Event: 11.405 Executing VM operation: ICBufferFull
Event: 11.405 Executing VM operation: ICBufferFull done
Event: 11.501 Executing VM operation: G1CollectForAllocation
Event: 11.520 Executing VM operation: G1CollectForAllocation done
Event: 11.587 Executing VM operation: HandshakeAllThreads
Event: 11.587 Executing VM operation: HandshakeAllThreads done
Event: 11.611 Executing VM operation: G1Concurrent

Events (20 events):
Event: 10.936 Thread 0x00000209230197d0 flushing nmethod 0x000002090a5a2990
Event: 10.936 Thread 0x00000209230197d0 flushing nmethod 0x000002090a5a3990
Event: 10.936 Thread 0x00000209230197d0 flushing nmethod 0x000002090a5a5710
Event: 10.936 Thread 0x00000209230197d0 flushing nmethod 0x000002090a5a5d10
Event: 10.936 Thread 0x00000209230197d0 flushing nmethod 0x000002090a5a8890
Event: 10.936 Thread 0x00000209230197d0 flushing nmethod 0x000002090a5b4610
Event: 10.936 Thread 0x00000209230197d0 flushing nmethod 0x000002090a5b6c90
Event: 10.937 Thread 0x00000209230197d0 flushing nmethod 0x000002090a5ceb90
Event: 10.937 Thread 0x00000209230197d0 flushing nmethod 0x000002090a5f1b90
Event: 10.937 Thread 0x00000209230197d0 flushing nmethod 0x000002090a603910
Event: 10.937 Thread 0x00000209230197d0 flushing nmethod 0x000002090a605a10
Event: 10.937 Thread 0x00000209230197d0 flushing nmethod 0x000002090a60aa90
Event: 10.937 Thread 0x00000209230197d0 flushing nmethod 0x000002090a635d10
Event: 10.937 Thread 0x00000209230197d0 flushing nmethod 0x000002090a64df10
Event: 10.937 Thread 0x00000209230197d0 flushing nmethod 0x000002090a64e890
Event: 10.937 Thread 0x00000209230197d0 flushing nmethod 0x000002090a661b10
Event: 10.937 Thread 0x00000209230197d0 flushing nmethod 0x000002090a6e1490
Event: 11.592 Thread 0x00000209230197d0 flushing nmethod 0x0000020910364d90
Event: 11.592 Thread 0x00000209230197d0 flushing nmethod 0x00000209103bba90
Event: 11.592 Thread 0x00000209230197d0 flushing nmethod 0x0000020910419d90


Dynamic libraries:
0x00007ff70f1d0000 - 0x00007ff70f1e0000 	C:\Program Files\Java\jdk-17\bin\java.exe
0x00007ffe15d20000 - 0x00007ffe15f87000 	C:\WINDOWS\SYSTEM32\ntdll.dll
0x00007ffe14550000 - 0x00007ffe14619000 	C:\WINDOWS\System32\KERNEL32.DLL
0x00007ffe13310000 - 0x00007ffe13701000 	C:\WINDOWS\System32\KERNELBASE.dll
0x00007ffe126b0000 - 0x00007ffe127fb000 	C:\WINDOWS\System32\ucrtbase.dll
0x00007ffdf6e30000 - 0x00007ffdf6e49000 	C:\Program Files\Java\jdk-17\bin\jli.dll
0x00007ffe086d0000 - 0x00007ffe086eb000 	C:\Program Files\Java\jdk-17\bin\VCRUNTIME140.dll
0x00007ffe15bf0000 - 0x00007ffe15cab000 	C:\WINDOWS\System32\ADVAPI32.dll
0x00007ffe15680000 - 0x00007ffe15729000 	C:\WINDOWS\System32\msvcrt.dll
0x00007ffe13ca0000 - 0x00007ffe13d47000 	C:\WINDOWS\System32\sechost.dll
0x00007ffe14180000 - 0x00007ffe14298000 	C:\WINDOWS\System32\RPCRT4.dll
0x00007ffe146d0000 - 0x00007ffe14895000 	C:\WINDOWS\System32\USER32.dll
0x00007ffdf7430000 - 0x00007ffdf76c3000 	C:\WINDOWS\WinSxS\amd64_microsoft.windows.common-controls_6595b64144ccf1df_6.0.26100.8037_none_3e092faae333b53b\COMCTL32.dll
0x00007ffe137c0000 - 0x00007ffe137e7000 	C:\WINDOWS\System32\win32u.dll
0x00007ffe15cb0000 - 0x00007ffe15cdb000 	C:\WINDOWS\System32\GDI32.dll
0x00007ffe12800000 - 0x00007ffe1292b000 	C:\WINDOWS\System32\gdi32full.dll
0x00007ffe12600000 - 0x00007ffe126a3000 	C:\WINDOWS\System32\msvcp_win.dll
0x00007ffe0bca0000 - 0x00007ffe0bcab000 	C:\WINDOWS\SYSTEM32\VERSION.dll
0x00007ffe15730000 - 0x00007ffe15761000 	C:\WINDOWS\System32\IMM32.DLL
0x00007ffe086c0000 - 0x00007ffe086cc000 	C:\Program Files\Java\jdk-17\bin\vcruntime140_1.dll
0x00007ffdf6da0000 - 0x00007ffdf6e2e000 	C:\Program Files\Java\jdk-17\bin\msvcp140.dll
0x00007ffdf1320000 - 0x00007ffdf1f00000 	C:\Program Files\Java\jdk-17\bin\server\jvm.dll
0x00007ffe14170000 - 0x00007ffe14178000 	C:\WINDOWS\System32\PSAPI.DLL
0x00007ffe08650000 - 0x00007ffe0865a000 	C:\WINDOWS\SYSTEM32\WSOCK32.dll
0x00007ffe04000000 - 0x00007ffe04035000 	C:\WINDOWS\SYSTEM32\WINMM.dll
0x00007ffe13c20000 - 0x00007ffe13c94000 	C:\WINDOWS\System32\WS2_32.dll
0x00007ffe11490000 - 0x00007ffe114ab000 	C:\WINDOWS\SYSTEM32\kernel.appcore.dll
0x00007ffdf6d90000 - 0x00007ffdf6d9a000 	C:\Program Files\Java\jdk-17\bin\jimage.dll
0x00007ffe10070000 - 0x00007ffe102b2000 	C:\WINDOWS\SYSTEM32\DBGHELP.DLL
0x00007ffe13d50000 - 0x00007ffe140d2000 	C:\WINDOWS\System32\combase.dll
0x00007ffe14d30000 - 0x00007ffe14e07000 	C:\WINDOWS\System32\OLEAUT32.dll
0x00007ffdf12e0000 - 0x00007ffdf131b000 	C:\WINDOWS\SYSTEM32\dbgcore.DLL
0x00007ffe13710000 - 0x00007ffe137b5000 	C:\WINDOWS\System32\bcryptPrimitives.dll
0x00007ffdf6d60000 - 0x00007ffdf6d85000 	C:\Program Files\Java\jdk-17\bin\java.dll
0x00007ffdf1200000 - 0x00007ffdf12d7000 	C:\Program Files\Java\jdk-17\bin\jsvml.dll
0x00007ffe14e10000 - 0x00007ffe1556f000 	C:\WINDOWS\System32\SHELL32.dll
0x00007ffe12930000 - 0x00007ffe12a9a000 	C:\WINDOWS\System32\wintypes.dll
0x00007ffe12aa0000 - 0x00007ffe13304000 	C:\WINDOWS\System32\windows.storage.dll
0x00007ffe15770000 - 0x00007ffe15867000 	C:\WINDOWS\System32\SHCORE.dll
0x00007ffe159a0000 - 0x00007ffe15a07000 	C:\WINDOWS\System32\shlwapi.dll
0x00007ffe12520000 - 0x00007ffe12549000 	C:\WINDOWS\SYSTEM32\profapi.dll
0x00007ffdf6bc0000 - 0x00007ffdf6bd9000 	C:\Program Files\Java\jdk-17\bin\net.dll
0x00007ffe0ad60000 - 0x00007ffe0ae87000 	C:\WINDOWS\SYSTEM32\WINHTTP.dll
0x00007ffe11a20000 - 0x00007ffe11a8b000 	C:\WINDOWS\system32\mswsock.dll
0x00007ffdf11e0000 - 0x00007ffdf11f6000 	C:\Program Files\Java\jdk-17\bin\nio.dll
0x00007ffdf11c0000 - 0x00007ffdf11d8000 	C:\Program Files\Java\jdk-17\bin\zip.dll
0x00007ffdee580000 - 0x00007ffdee590000 	C:\Program Files\Java\jdk-17\bin\verify.dll

dbghelp: loaded successfully - version: 4.0.5 - missing functions: none
symbol engine: initialized successfully - sym options: 0x614 - pdb path: .;C:\Program Files\Java\jdk-17\bin;C:\WINDOWS\SYSTEM32;C:\WINDOWS\WinSxS\amd64_microsoft.windows.common-controls_6595b64144ccf1df_6.0.26100.8037_none_3e092faae333b53b;C:\Program Files\Java\jdk-17\bin\server

VM Arguments:
java_command: org.jetbrains.kotlin.cli.jvm.K2JVMCompiler @F:\T177\comp3074\capstone-frontend\app\build\20260403_1339359595107166955.compiler.options
java_class_path (initial): C:\Users\Chucha\.gradle\caches\modules-2\files-2.1\org.jetbrains.kotlin\kotlin-compiler-embeddable\2.1.10\ee3e5c806617c52ce167bdf96933efef9593853e\kotlin-compiler-embeddable-2.1.10.jar;C:\Users\Chucha\.gradle\caches\modules-2\files-2.1\org.jetbrains.kotlin\kotlin-stdlib\2.1.10\d3028429e7151d7a7c1a0d63a4f60eac86a87b91\kotlin-stdlib-2.1.10.jar;C:\Users\Chucha\.gradle\caches\modules-2\files-2.1\org.jetbrains.kotlin\kotlin-script-runtime\2.1.10\70000e6ef453308e55d42ea4ace5b8c32325ce75\kotlin-script-runtime-2.1.10.jar;C:\Users\Chucha\.gradle\caches\modules-2\files-2.1\org.jetbrains.kotlin\kotlin-reflect\1.6.10\1cbe9c92c12a94eea200d23c2bbaedaf3daf5132\kotlin-reflect-1.6.10.jar;C:\Users\Chucha\.gradle\caches\modules-2\files-2.1\org.jetbrains.kotlin\kotlin-daemon-embeddable\2.1.10\58b88d47cdc057f09a8ea603ece5fd1993c7cb64\kotlin-daemon-embeddable-2.1.10.jar;C:\Users\Chucha\.gradle\caches\modules-2\files-2.1\org.jetbrains.intellij.deps\trove4j\1.0.20200330\3afb14d5f9ceb459d724e907a21145e8ff394f02\trove4j-1.0.20200330.jar;C:\Users\Chucha\.gradle\caches\modules-2\files-2.1\org.jetbrains.kotlinx\kotlinx-coroutines-core-jvm\1.6.4\2c997cd1c0ef33f3e751d3831929aeff1390cb30\kotlinx-coroutines-core-jvm-1.6.4.jar;C:\Users\Chucha\.gradle\caches\modules-2\files-2.1\org.jetbrains\annotations\13.0\919f0dfe192fb4e063e7dacadee7f8bb9a2672a9\annotations-13.0.jar
Launcher Type: SUN_STANDARD

[Global flags]
     intx CICompilerCount                          = 4                                         {product} {ergonomic}
     uint ConcGCThreads                            = 3                                         {product} {ergonomic}
     uint G1ConcRefinementThreads                  = 10                                        {product} {ergonomic}
   size_t G1HeapRegionSize                         = 2097152                                   {product} {ergonomic}
    uintx GCDrainStackTargetSize                   = 64                                        {product} {ergonomic}
   size_t InitialHeapSize                          = 255852544                                 {product} {ergonomic}
   size_t MarkStackSize                            = 4194304                                   {product} {ergonomic}
   size_t MaxHeapSize                              = 4078960640                                {product} {ergonomic}
   size_t MaxNewSize                               = 2447376384                                {product} {ergonomic}
   size_t MinHeapDeltaBytes                        = 2097152                                   {product} {ergonomic}
   size_t MinHeapSize                              = 8388608                                   {product} {ergonomic}
    uintx NonNMethodCodeHeapSize                   = 5839372                                {pd product} {ergonomic}
    uintx NonProfiledCodeHeapSize                  = 122909434                              {pd product} {ergonomic}
    uintx ProfiledCodeHeapSize                     = 122909434                              {pd product} {ergonomic}
    uintx ReservedCodeCacheSize                    = 251658240                              {pd product} {ergonomic}
     bool SegmentedCodeCache                       = true                                      {product} {ergonomic}
   size_t SoftMaxHeapSize                          = 4078960640                             {manageable} {ergonomic}
     bool UseCompressedClassPointers               = true                           {product lp64_product} {ergonomic}
     bool UseCompressedOops                        = true                           {product lp64_product} {ergonomic}
     bool UseG1GC                                  = true                                      {product} {ergonomic}
     bool UseLargePagesIndividualAllocation        = false                                  {pd product} {ergonomic}

Logging:
Log output configuration:
 #0: stdout all=warning uptime,level,tags
 #1: stderr all=off uptime,level,tags

Environment Variables:
JAVA_HOME=C:\Program Files\Java\jdk-17
CLASSPATH=F:\T177\comp3074\capstone-frontend\\gradle\wrapper\gradle-wrapper.jar
PATH=C:\Program Files\Common Files\Oracle\Java\javapath;C:\Program Files (x86)\Common Files\Oracle\Java\javapath;C:\Program Files\Eclipse Adoptium\jdk-17.0.16.8-hotspot\bin;C:\WINDOWS\system32;C:\WINDOWS;C:\WINDOWS\System32\Wbem;C:\WINDOWS\System32\WindowsPowerShell\v1.0\;C:\WINDOWS\System32\OpenSSH\;F:\T177\Git\cmd;F:\T177\Node\;C:\Program Files\Java\jdk-17\bin;;C:\Program Files (x86)\NVIDIA Corporation\PhysX\Common;C:\Users\Chucha\AppData\Local\Programs\Python\Python314\Scripts\;C:\Users\Chucha\AppData\Local\Programs\Python\Python314\;F:\T177\Microsoft VS Code\bin;F:\T177\nmap;C:\Users\Chucha\AppData\Local\PowerToys\DSCModules\;C:\Users\Chucha\AppData\Roaming\npm;
USERNAME=Chucha
OS=Windows_NT
PROCESSOR_IDENTIFIER=AMD64 Family 25 Model 97 Stepping 2, AuthenticAMD



---------------  S Y S T E M  ---------------

OS:
 Windows 11 , 64 bit Build 26100 (10.0.26100.7920)
OS uptime: 0 days 23:05 hours
Hyper-V role detected

CPU: total 12 (initial active 12) (12 cores per cpu, 2 threads per core) family 25 model 97 stepping 2 microcode 0xa601203, cx8, cmov, fxsr, ht, mmx, 3dnowpref, sse, sse2, sse3, ssse3, sse4a, sse4.1, sse4.2, popcnt, lzcnt, tsc, tscinvbit, avx, avx2, aes, erms, clmul, bmi1, bmi2, adx, avx512f, avx512dq, avx512cd, avx512bw, avx512vl, sha, fma, vzeroupper, avx512_vpopcntdq, avx512_vpclmulqdq, avx512_vaes, avx512_vnni, clflush, clflushopt, avx512_vbmi2, avx512_vbmi, hv

Memory: 4k page, system-wide physical 15553M (1142M free)
TotalPageFile size 28623M (AvailPageFile size 17M)
current process WorkingSet (physical memory assigned to process): 548M, peak: 556M
current process commit charge ("private bytes"): 584M, peak: 600M

vm_info: Java HotSpot(TM) 64-Bit Server VM (17.0.12+8-LTS-286) for windows-amd64 JRE (17.0.12+8-LTS-286), built on Jun  5 2024 06:46:59 by "mach5one" with MS VC++ 17.6 (VS2022)

END.
